..\mapcache.ilk
..\mapcache.pdb
C:\USERS\NASAGNILAC\DESKTOP\RAMOD\SERVER\RATHENA\MAPCACHE.EXE
C:\USERS\NASAGNILAC\DESKTOP\RAMOD\SERVER\RATHENA\MAPCACHE.ILK
C:\USERS\NASAGNILAC\DESKTOP\RAMOD\SERVER\RATHENA\MAPCACHE.PDB
C:\Users\nasagnilac\Desktop\rAmod\Server\rAthena\vcproj-10\..\mapcache.exe
C:\Users\nasagnilac\Desktop\rAmod\Server\rAthena\vcproj-10\mapcache\Debug\CL.4244.read.1.tlog
C:\Users\nasagnilac\Desktop\rAmod\Server\rAthena\vcproj-10\mapcache\Debug\CL.4244.write.1.tlog
C:\Users\nasagnilac\Desktop\rAmod\Server\rAthena\vcproj-10\mapcache\Debug\CL.5880.read.1.tlog
C:\Users\nasagnilac\Desktop\rAmod\Server\rAthena\vcproj-10\mapcache\Debug\CL.5880.write.1.tlog
C:\Users\nasagnilac\Desktop\rAmod\Server\rAthena\vcproj-10\mapcache\Debug\CL.5992.read.1.tlog
C:\Users\nasagnilac\Desktop\rAmod\Server\rAthena\vcproj-10\mapcache\Debug\CL.5992.write.1.tlog
C:\Users\nasagnilac\Desktop\rAmod\Server\rAthena\vcproj-10\mapcache\Debug\CL.6148.read.1.tlog
C:\Users\nasagnilac\Desktop\rAmod\Server\rAthena\vcproj-10\mapcache\Debug\CL.6148.write.1.tlog
C:\Users\nasagnilac\Desktop\rAmod\Server\rAthena\vcproj-10\mapcache\Debug\CL.7024.read.1.tlog
C:\Users\nasagnilac\Desktop\rAmod\Server\rAthena\vcproj-10\mapcache\Debug\CL.7024.write.1.tlog
C:\Users\nasagnilac\Desktop\rAmod\Server\rAthena\vcproj-10\mapcache\Debug\CL.7604.read.1.tlog
C:\Users\nasagnilac\Desktop\rAmod\Server\rAthena\vcproj-10\mapcache\Debug\CL.7604.write.1.tlog
C:\Users\nasagnilac\Desktop\rAmod\Server\rAthena\vcproj-10\mapcache\Debug\CL.7784.read.1.tlog
C:\Users\nasagnilac\Desktop\rAmod\Server\rAthena\vcproj-10\mapcache\Debug\CL.7784.write.1.tlog
C:\Users\nasagnilac\Desktop\rAmod\Server\rAthena\vcproj-10\mapcache\Debug\CL.7924.read.1.tlog
C:\Users\nasagnilac\Desktop\rAmod\Server\rAthena\vcproj-10\mapcache\Debug\CL.7924.write.1.tlog
C:\Users\nasagnilac\Desktop\rAmod\Server\rAthena\vcproj-10\mapcache\Debug\cl.command.1.tlog
C:\Users\nasagnilac\Desktop\rAmod\Server\rAthena\vcproj-10\mapcache\Debug\CL.read.1.tlog
C:\Users\nasagnilac\Desktop\rAmod\Server\rAthena\vcproj-10\mapcache\Debug\cl.write.1.tlog
C:\Users\nasagnilac\Desktop\rAmod\Server\rAthena\vcproj-10\mapcache\Debug\core.obj
C:\Users\nasagnilac\Desktop\rAmod\Server\rAthena\vcproj-10\mapcache\Debug\des.obj
C:\Users\nasagnilac\Desktop\rAmod\Server\rAthena\vcproj-10\mapcache\Debug\grfio.obj
C:\Users\nasagnilac\Desktop\rAmod\Server\rAthena\vcproj-10\mapcache\Debug\link.1260.read.1.tlog
C:\Users\nasagnilac\Desktop\rAmod\Server\rAthena\vcproj-10\mapcache\Debug\link.1260.write.1.tlog
C:\Users\nasagnilac\Desktop\rAmod\Server\rAthena\vcproj-10\mapcache\Debug\link.1260-cvtres.read.1.tlog
C:\Users\nasagnilac\Desktop\rAmod\Server\rAthena\vcproj-10\mapcache\Debug\link.1260-cvtres.write.1.tlog
C:\Users\nasagnilac\Desktop\rAmod\Server\rAthena\vcproj-10\mapcache\Debug\link.7236.read.1.tlog
C:\Users\nasagnilac\Desktop\rAmod\Server\rAthena\vcproj-10\mapcache\Debug\link.7236.write.1.tlog
C:\Users\nasagnilac\Desktop\rAmod\Server\rAthena\vcproj-10\mapcache\Debug\link.7236-cvtres.read.1.tlog
C:\Users\nasagnilac\Desktop\rAmod\Server\rAthena\vcproj-10\mapcache\Debug\link.7236-cvtres.write.1.tlog
C:\Users\nasagnilac\Desktop\rAmod\Server\rAthena\vcproj-10\mapcache\Debug\link.command.1.tlog
C:\Users\nasagnilac\Desktop\rAmod\Server\rAthena\vcproj-10\mapcache\Debug\link.read.1.tlog
C:\Users\nasagnilac\Desktop\rAmod\Server\rAthena\vcproj-10\mapcache\Debug\link.write.1.tlog
C:\Users\nasagnilac\Desktop\rAmod\Server\rAthena\vcproj-10\mapcache\Debug\link-cvtres.read.1.tlog
C:\Users\nasagnilac\Desktop\rAmod\Server\rAthena\vcproj-10\mapcache\Debug\link-cvtres.write.1.tlog
C:\Users\nasagnilac\Desktop\rAmod\Server\rAthena\vcproj-10\mapcache\Debug\malloc.obj
C:\USERS\NASAGNILAC\DESKTOP\RAMOD\SERVER\RATHENA\VCPROJ-10\MAPCACHE\DEBUG\MAPCACHE.EXE.EMBED.MANIFEST
C:\USERS\NASAGNILAC\DESKTOP\RAMOD\SERVER\RATHENA\VCPROJ-10\MAPCACHE\DEBUG\MAPCACHE.EXE.EMBED.MANIFEST.RES
C:\USERS\NASAGNILAC\DESKTOP\RAMOD\SERVER\RATHENA\VCPROJ-10\MAPCACHE\DEBUG\MAPCACHE.EXE.INTERMEDIATE.MANIFEST
C:\Users\nasagnilac\Desktop\rAmod\Server\rAthena\vcproj-10\mapcache\Debug\mapcache.obj
C:\Users\nasagnilac\Desktop\rAmod\Server\rAthena\vcproj-10\mapcache\Debug\mapcache_manifest.rc
C:\Users\nasagnilac\Desktop\rAmod\Server\rAthena\vcproj-10\mapcache\Debug\mt.command.1.tlog
C:\Users\nasagnilac\Desktop\rAmod\Server\rAthena\vcproj-10\mapcache\Debug\mt.read.1.tlog
C:\Users\nasagnilac\Desktop\rAmod\Server\rAthena\vcproj-10\mapcache\Debug\mt.write.1.tlog
C:\Users\nasagnilac\Desktop\rAmod\Server\rAthena\vcproj-10\mapcache\Debug\rc.command.1.tlog
C:\Users\nasagnilac\Desktop\rAmod\Server\rAthena\vcproj-10\mapcache\Debug\rc.read.1.tlog
C:\Users\nasagnilac\Desktop\rAmod\Server\rAthena\vcproj-10\mapcache\Debug\rc.write.1.tlog
C:\Users\nasagnilac\Desktop\rAmod\Server\rAthena\vcproj-10\mapcache\Debug\showmsg.obj
C:\Users\nasagnilac\Desktop\rAmod\Server\rAthena\vcproj-10\mapcache\Debug\strlib.obj
C:\Users\nasagnilac\Desktop\rAmod\Server\rAthena\vcproj-10\mapcache\Debug\utils.obj
C:\Users\nasagnilac\Desktop\rAmod\Server\rAthena\vcproj-10\mapcache\Debug\vc100.idb
C:\USERS\NASAGNILAC\DESKTOP\RAMOD\SERVER\RATHENA\VCPROJ-10\MAPCACHE\DEBUG\VC100.PDB
