..\login-server.ilk
..\login-server.pdb
C:\USERS\NASAGNILAC\DESKTOP\RAMOD\SERVER\RATHENA\LOGIN-SERVER.EXE
C:\USERS\NASAGNILAC\DESKTOP\RAMOD\SERVER\RATHENA\LOGIN-SERVER.ILK
C:\USERS\NASAGNILAC\DESKTOP\RAMOD\SERVER\RATHENA\LOGIN-SERVER.PDB
C:\Users\nasagnilac\Desktop\rAmod\Server\rAthena\vcproj-10\..\login-server.exe
C:\Users\nasagnilac\Desktop\rAmod\Server\rAthena\vcproj-10\login-server\Debug\account.obj
C:\Users\nasagnilac\Desktop\rAmod\Server\rAthena\vcproj-10\login-server\Debug\CL.5212.read.1.tlog
C:\Users\nasagnilac\Desktop\rAmod\Server\rAthena\vcproj-10\login-server\Debug\CL.5212.write.1.tlog
C:\Users\nasagnilac\Desktop\rAmod\Server\rAthena\vcproj-10\login-server\Debug\CL.5400.read.1.tlog
C:\Users\nasagnilac\Desktop\rAmod\Server\rAthena\vcproj-10\login-server\Debug\CL.5400.write.1.tlog
C:\Users\nasagnilac\Desktop\rAmod\Server\rAthena\vcproj-10\login-server\Debug\CL.5408.read.1.tlog
C:\Users\nasagnilac\Desktop\rAmod\Server\rAthena\vcproj-10\login-server\Debug\CL.5408.write.1.tlog
C:\Users\nasagnilac\Desktop\rAmod\Server\rAthena\vcproj-10\login-server\Debug\CL.6884.read.1.tlog
C:\Users\nasagnilac\Desktop\rAmod\Server\rAthena\vcproj-10\login-server\Debug\CL.6884.write.1.tlog
C:\Users\nasagnilac\Desktop\rAmod\Server\rAthena\vcproj-10\login-server\Debug\cl.command.1.tlog
C:\Users\nasagnilac\Desktop\rAmod\Server\rAthena\vcproj-10\login-server\Debug\CL.read.1.tlog
C:\Users\nasagnilac\Desktop\rAmod\Server\rAthena\vcproj-10\login-server\Debug\cl.write.1.tlog
C:\Users\nasagnilac\Desktop\rAmod\Server\rAthena\vcproj-10\login-server\Debug\cli.obj
C:\Users\nasagnilac\Desktop\rAmod\Server\rAthena\vcproj-10\login-server\Debug\conf.obj
C:\Users\nasagnilac\Desktop\rAmod\Server\rAthena\vcproj-10\login-server\Debug\core.obj
C:\Users\nasagnilac\Desktop\rAmod\Server\rAthena\vcproj-10\login-server\Debug\db.obj
C:\Users\nasagnilac\Desktop\rAmod\Server\rAthena\vcproj-10\login-server\Debug\ers.obj
C:\Users\nasagnilac\Desktop\rAmod\Server\rAthena\vcproj-10\login-server\Debug\grammar.obj
C:\Users\nasagnilac\Desktop\rAmod\Server\rAthena\vcproj-10\login-server\Debug\ipban.obj
C:\Users\nasagnilac\Desktop\rAmod\Server\rAthena\vcproj-10\login-server\Debug\libconfig.obj
C:\Users\nasagnilac\Desktop\rAmod\Server\rAthena\vcproj-10\login-server\Debug\link.8076.read.1.tlog
C:\Users\nasagnilac\Desktop\rAmod\Server\rAthena\vcproj-10\login-server\Debug\link.8076.write.1.tlog
C:\Users\nasagnilac\Desktop\rAmod\Server\rAthena\vcproj-10\login-server\Debug\link.8076-cvtres.read.1.tlog
C:\Users\nasagnilac\Desktop\rAmod\Server\rAthena\vcproj-10\login-server\Debug\link.8076-cvtres.write.1.tlog
C:\Users\nasagnilac\Desktop\rAmod\Server\rAthena\vcproj-10\login-server\Debug\link.command.1.tlog
C:\Users\nasagnilac\Desktop\rAmod\Server\rAthena\vcproj-10\login-server\Debug\link.read.1.tlog
C:\Users\nasagnilac\Desktop\rAmod\Server\rAthena\vcproj-10\login-server\Debug\link.write.1.tlog
C:\Users\nasagnilac\Desktop\rAmod\Server\rAthena\vcproj-10\login-server\Debug\link-cvtres.read.1.tlog
C:\Users\nasagnilac\Desktop\rAmod\Server\rAthena\vcproj-10\login-server\Debug\link-cvtres.write.1.tlog
C:\Users\nasagnilac\Desktop\rAmod\Server\rAthena\vcproj-10\login-server\Debug\login.obj
C:\Users\nasagnilac\Desktop\rAmod\Server\rAthena\vcproj-10\login-server\Debug\loginchrif.obj
C:\Users\nasagnilac\Desktop\rAmod\Server\rAthena\vcproj-10\login-server\Debug\loginclif.obj
C:\Users\nasagnilac\Desktop\rAmod\Server\rAthena\vcproj-10\login-server\Debug\logincnslif.obj
C:\Users\nasagnilac\Desktop\rAmod\Server\rAthena\vcproj-10\login-server\Debug\loginlog.obj
C:\USERS\NASAGNILAC\DESKTOP\RAMOD\SERVER\RATHENA\VCPROJ-10\LOGIN-SERVER\DEBUG\LOGIN-SERVER.EXE.EMBED.MANIFEST
C:\USERS\NASAGNILAC\DESKTOP\RAMOD\SERVER\RATHENA\VCPROJ-10\LOGIN-SERVER\DEBUG\LOGIN-SERVER.EXE.EMBED.MANIFEST.RES
C:\USERS\NASAGNILAC\DESKTOP\RAMOD\SERVER\RATHENA\VCPROJ-10\LOGIN-SERVER\DEBUG\LOGIN-SERVER.EXE.INTERMEDIATE.MANIFEST
C:\Users\nasagnilac\Desktop\rAmod\Server\rAthena\vcproj-10\login-server\Debug\login-server_manifest.rc
C:\Users\nasagnilac\Desktop\rAmod\Server\rAthena\vcproj-10\login-server\Debug\malloc.obj
C:\Users\nasagnilac\Desktop\rAmod\Server\rAthena\vcproj-10\login-server\Debug\md5calc.obj
C:\Users\nasagnilac\Desktop\rAmod\Server\rAthena\vcproj-10\login-server\Debug\mempool.obj
C:\Users\nasagnilac\Desktop\rAmod\Server\rAthena\vcproj-10\login-server\Debug\msg_conf.obj
C:\Users\nasagnilac\Desktop\rAmod\Server\rAthena\vcproj-10\login-server\Debug\mt.command.1.tlog
C:\Users\nasagnilac\Desktop\rAmod\Server\rAthena\vcproj-10\login-server\Debug\mt.read.1.tlog
C:\Users\nasagnilac\Desktop\rAmod\Server\rAthena\vcproj-10\login-server\Debug\mt.write.1.tlog
C:\Users\nasagnilac\Desktop\rAmod\Server\rAthena\vcproj-10\login-server\Debug\mt19937ar.obj
C:\Users\nasagnilac\Desktop\rAmod\Server\rAthena\vcproj-10\login-server\Debug\mutex.obj
C:\Users\nasagnilac\Desktop\rAmod\Server\rAthena\vcproj-10\login-server\Debug\nullpo.obj
C:\Users\nasagnilac\Desktop\rAmod\Server\rAthena\vcproj-10\login-server\Debug\raconf.obj
C:\Users\nasagnilac\Desktop\rAmod\Server\rAthena\vcproj-10\login-server\Debug\random.obj
C:\Users\nasagnilac\Desktop\rAmod\Server\rAthena\vcproj-10\login-server\Debug\rc.command.1.tlog
C:\Users\nasagnilac\Desktop\rAmod\Server\rAthena\vcproj-10\login-server\Debug\rc.read.1.tlog
C:\Users\nasagnilac\Desktop\rAmod\Server\rAthena\vcproj-10\login-server\Debug\rc.write.1.tlog
C:\Users\nasagnilac\Desktop\rAmod\Server\rAthena\vcproj-10\login-server\Debug\scanctx.obj
C:\Users\nasagnilac\Desktop\rAmod\Server\rAthena\vcproj-10\login-server\Debug\scanner.obj
C:\Users\nasagnilac\Desktop\rAmod\Server\rAthena\vcproj-10\login-server\Debug\showmsg.obj
C:\Users\nasagnilac\Desktop\rAmod\Server\rAthena\vcproj-10\login-server\Debug\socket.obj
C:\Users\nasagnilac\Desktop\rAmod\Server\rAthena\vcproj-10\login-server\Debug\sql.obj
C:\Users\nasagnilac\Desktop\rAmod\Server\rAthena\vcproj-10\login-server\Debug\strbuf.obj
C:\Users\nasagnilac\Desktop\rAmod\Server\rAthena\vcproj-10\login-server\Debug\strlib.obj
C:\Users\nasagnilac\Desktop\rAmod\Server\rAthena\vcproj-10\login-server\Debug\thread.obj
C:\Users\nasagnilac\Desktop\rAmod\Server\rAthena\vcproj-10\login-server\Debug\timer.obj
C:\Users\nasagnilac\Desktop\rAmod\Server\rAthena\vcproj-10\login-server\Debug\utils.obj
C:\Users\nasagnilac\Desktop\rAmod\Server\rAthena\vcproj-10\login-server\Debug\vc100.idb
C:\USERS\NASAGNILAC\DESKTOP\RAMOD\SERVER\RATHENA\VCPROJ-10\LOGIN-SERVER\DEBUG\VC100.PDB
