..\map-server.ilk
..\map-server.pdb
C:\USERS\NASAGNILAC\DESKTOP\RAMOD\SERVER\RATHENA\MAP-SERVER.EXE
C:\USERS\NASAGNILAC\DESKTOP\RAMOD\SERVER\RATHENA\MAP-SERVER.ILK
C:\USERS\NASAGNILAC\DESKTOP\RAMOD\SERVER\RATHENA\MAP-SERVER.PDB
C:\Users\nasagnilac\Desktop\rAmod\Server\rAthena\vcproj-10\..\map-server.exe
C:\Users\nasagnilac\Desktop\rAmod\Server\rAthena\vcproj-10\map-server\Debug\achievement.obj
C:\Users\nasagnilac\Desktop\rAmod\Server\rAthena\vcproj-10\map-server\Debug\atcommand.obj
C:\Users\nasagnilac\Desktop\rAmod\Server\rAthena\vcproj-10\map-server\Debug\battle.obj
C:\Users\nasagnilac\Desktop\rAmod\Server\rAthena\vcproj-10\map-server\Debug\battleground.obj
C:\Users\nasagnilac\Desktop\rAmod\Server\rAthena\vcproj-10\map-server\Debug\buyingstore.obj
C:\Users\nasagnilac\Desktop\rAmod\Server\rAthena\vcproj-10\map-server\Debug\cashshop.obj
C:\Users\nasagnilac\Desktop\rAmod\Server\rAthena\vcproj-10\map-server\Debug\channel.obj
C:\Users\nasagnilac\Desktop\rAmod\Server\rAthena\vcproj-10\map-server\Debug\chat.obj
C:\Users\nasagnilac\Desktop\rAmod\Server\rAthena\vcproj-10\map-server\Debug\chrif.obj
C:\Users\nasagnilac\Desktop\rAmod\Server\rAthena\vcproj-10\map-server\Debug\CL.5476.read.1.tlog
C:\Users\nasagnilac\Desktop\rAmod\Server\rAthena\vcproj-10\map-server\Debug\CL.5476.write.1.tlog
C:\Users\nasagnilac\Desktop\rAmod\Server\rAthena\vcproj-10\map-server\Debug\CL.5820.read.1.tlog
C:\Users\nasagnilac\Desktop\rAmod\Server\rAthena\vcproj-10\map-server\Debug\CL.5820.write.1.tlog
C:\Users\nasagnilac\Desktop\rAmod\Server\rAthena\vcproj-10\map-server\Debug\CL.6168.read.1.tlog
C:\Users\nasagnilac\Desktop\rAmod\Server\rAthena\vcproj-10\map-server\Debug\CL.6168.write.1.tlog
C:\Users\nasagnilac\Desktop\rAmod\Server\rAthena\vcproj-10\map-server\Debug\CL.6792.read.1.tlog
C:\Users\nasagnilac\Desktop\rAmod\Server\rAthena\vcproj-10\map-server\Debug\CL.6792.write.1.tlog
C:\Users\nasagnilac\Desktop\rAmod\Server\rAthena\vcproj-10\map-server\Debug\cl.command.1.tlog
C:\Users\nasagnilac\Desktop\rAmod\Server\rAthena\vcproj-10\map-server\Debug\CL.read.1.tlog
C:\Users\nasagnilac\Desktop\rAmod\Server\rAthena\vcproj-10\map-server\Debug\cl.write.1.tlog
C:\Users\nasagnilac\Desktop\rAmod\Server\rAthena\vcproj-10\map-server\Debug\cli.obj
C:\Users\nasagnilac\Desktop\rAmod\Server\rAthena\vcproj-10\map-server\Debug\clif.obj
C:\Users\nasagnilac\Desktop\rAmod\Server\rAthena\vcproj-10\map-server\Debug\conf.obj
C:\Users\nasagnilac\Desktop\rAmod\Server\rAthena\vcproj-10\map-server\Debug\core.obj
C:\Users\nasagnilac\Desktop\rAmod\Server\rAthena\vcproj-10\map-server\Debug\date.obj
C:\Users\nasagnilac\Desktop\rAmod\Server\rAthena\vcproj-10\map-server\Debug\db.obj
C:\Users\nasagnilac\Desktop\rAmod\Server\rAthena\vcproj-10\map-server\Debug\des.obj
C:\Users\nasagnilac\Desktop\rAmod\Server\rAthena\vcproj-10\map-server\Debug\duel.obj
C:\Users\nasagnilac\Desktop\rAmod\Server\rAthena\vcproj-10\map-server\Debug\elemental.obj
C:\Users\nasagnilac\Desktop\rAmod\Server\rAthena\vcproj-10\map-server\Debug\ers.obj
C:\Users\nasagnilac\Desktop\rAmod\Server\rAthena\vcproj-10\map-server\Debug\faction.obj
C:\Users\nasagnilac\Desktop\rAmod\Server\rAthena\vcproj-10\map-server\Debug\grammar.obj
C:\Users\nasagnilac\Desktop\rAmod\Server\rAthena\vcproj-10\map-server\Debug\grfio.obj
C:\Users\nasagnilac\Desktop\rAmod\Server\rAthena\vcproj-10\map-server\Debug\guild.obj
C:\Users\nasagnilac\Desktop\rAmod\Server\rAthena\vcproj-10\map-server\Debug\homunculus.obj
C:\Users\nasagnilac\Desktop\rAmod\Server\rAthena\vcproj-10\map-server\Debug\instance.obj
C:\Users\nasagnilac\Desktop\rAmod\Server\rAthena\vcproj-10\map-server\Debug\intif.obj
C:\Users\nasagnilac\Desktop\rAmod\Server\rAthena\vcproj-10\map-server\Debug\itemdb.obj
C:\Users\nasagnilac\Desktop\rAmod\Server\rAthena\vcproj-10\map-server\Debug\libconfig.obj
C:\Users\nasagnilac\Desktop\rAmod\Server\rAthena\vcproj-10\map-server\Debug\link.7576.read.1.tlog
C:\Users\nasagnilac\Desktop\rAmod\Server\rAthena\vcproj-10\map-server\Debug\link.7576.write.1.tlog
C:\Users\nasagnilac\Desktop\rAmod\Server\rAthena\vcproj-10\map-server\Debug\link.7576-cvtres.read.1.tlog
C:\Users\nasagnilac\Desktop\rAmod\Server\rAthena\vcproj-10\map-server\Debug\link.7576-cvtres.write.1.tlog
C:\Users\nasagnilac\Desktop\rAmod\Server\rAthena\vcproj-10\map-server\Debug\link.command.1.tlog
C:\Users\nasagnilac\Desktop\rAmod\Server\rAthena\vcproj-10\map-server\Debug\link.read.1.tlog
C:\Users\nasagnilac\Desktop\rAmod\Server\rAthena\vcproj-10\map-server\Debug\link.write.1.tlog
C:\Users\nasagnilac\Desktop\rAmod\Server\rAthena\vcproj-10\map-server\Debug\link-cvtres.read.1.tlog
C:\Users\nasagnilac\Desktop\rAmod\Server\rAthena\vcproj-10\map-server\Debug\link-cvtres.write.1.tlog
C:\Users\nasagnilac\Desktop\rAmod\Server\rAthena\vcproj-10\map-server\Debug\log.obj
C:\Users\nasagnilac\Desktop\rAmod\Server\rAthena\vcproj-10\map-server\Debug\mail.obj
C:\Users\nasagnilac\Desktop\rAmod\Server\rAthena\vcproj-10\map-server\Debug\malloc.obj
C:\Users\nasagnilac\Desktop\rAmod\Server\rAthena\vcproj-10\map-server\Debug\map.obj
C:\Users\nasagnilac\Desktop\rAmod\Server\rAthena\vcproj-10\map-server\Debug\mapindex.obj
C:\Users\nasagnilac\Desktop\rAmod\Server\rAthena\vcproj-10\map-server\Debug\mapreg.obj
C:\USERS\NASAGNILAC\DESKTOP\RAMOD\SERVER\RATHENA\VCPROJ-10\MAP-SERVER\DEBUG\MAP-SERVER.EXE.EMBED.MANIFEST
C:\USERS\NASAGNILAC\DESKTOP\RAMOD\SERVER\RATHENA\VCPROJ-10\MAP-SERVER\DEBUG\MAP-SERVER.EXE.EMBED.MANIFEST.RES
C:\USERS\NASAGNILAC\DESKTOP\RAMOD\SERVER\RATHENA\VCPROJ-10\MAP-SERVER\DEBUG\MAP-SERVER.EXE.INTERMEDIATE.MANIFEST
C:\Users\nasagnilac\Desktop\rAmod\Server\rAthena\vcproj-10\map-server\Debug\map-server_manifest.rc
C:\Users\nasagnilac\Desktop\rAmod\Server\rAthena\vcproj-10\map-server\Debug\md5calc.obj
C:\Users\nasagnilac\Desktop\rAmod\Server\rAthena\vcproj-10\map-server\Debug\mempool.obj
C:\Users\nasagnilac\Desktop\rAmod\Server\rAthena\vcproj-10\map-server\Debug\mercenary.obj
C:\Users\nasagnilac\Desktop\rAmod\Server\rAthena\vcproj-10\map-server\Debug\mob.obj
C:\Users\nasagnilac\Desktop\rAmod\Server\rAthena\vcproj-10\map-server\Debug\msg_conf.obj
C:\Users\nasagnilac\Desktop\rAmod\Server\rAthena\vcproj-10\map-server\Debug\mt.command.1.tlog
C:\Users\nasagnilac\Desktop\rAmod\Server\rAthena\vcproj-10\map-server\Debug\mt.read.1.tlog
C:\Users\nasagnilac\Desktop\rAmod\Server\rAthena\vcproj-10\map-server\Debug\mt.write.1.tlog
C:\Users\nasagnilac\Desktop\rAmod\Server\rAthena\vcproj-10\map-server\Debug\mt19937ar.obj
C:\Users\nasagnilac\Desktop\rAmod\Server\rAthena\vcproj-10\map-server\Debug\mutex.obj
C:\Users\nasagnilac\Desktop\rAmod\Server\rAthena\vcproj-10\map-server\Debug\npc.obj
C:\Users\nasagnilac\Desktop\rAmod\Server\rAthena\vcproj-10\map-server\Debug\npc_chat.obj
C:\Users\nasagnilac\Desktop\rAmod\Server\rAthena\vcproj-10\map-server\Debug\nullpo.obj
C:\Users\nasagnilac\Desktop\rAmod\Server\rAthena\vcproj-10\map-server\Debug\party.obj
C:\Users\nasagnilac\Desktop\rAmod\Server\rAthena\vcproj-10\map-server\Debug\path.obj
C:\Users\nasagnilac\Desktop\rAmod\Server\rAthena\vcproj-10\map-server\Debug\pc.obj
C:\Users\nasagnilac\Desktop\rAmod\Server\rAthena\vcproj-10\map-server\Debug\pc_groups.obj
C:\Users\nasagnilac\Desktop\rAmod\Server\rAthena\vcproj-10\map-server\Debug\pet.obj
C:\Users\nasagnilac\Desktop\rAmod\Server\rAthena\vcproj-10\map-server\Debug\quest.obj
C:\Users\nasagnilac\Desktop\rAmod\Server\rAthena\vcproj-10\map-server\Debug\raconf.obj
C:\Users\nasagnilac\Desktop\rAmod\Server\rAthena\vcproj-10\map-server\Debug\random.obj
C:\Users\nasagnilac\Desktop\rAmod\Server\rAthena\vcproj-10\map-server\Debug\rc.command.1.tlog
C:\Users\nasagnilac\Desktop\rAmod\Server\rAthena\vcproj-10\map-server\Debug\rc.read.1.tlog
C:\Users\nasagnilac\Desktop\rAmod\Server\rAthena\vcproj-10\map-server\Debug\rc.write.1.tlog
C:\Users\nasagnilac\Desktop\rAmod\Server\rAthena\vcproj-10\map-server\Debug\region.obj
C:\Users\nasagnilac\Desktop\rAmod\Server\rAthena\vcproj-10\map-server\Debug\scanctx.obj
C:\Users\nasagnilac\Desktop\rAmod\Server\rAthena\vcproj-10\map-server\Debug\scanner.obj
C:\Users\nasagnilac\Desktop\rAmod\Server\rAthena\vcproj-10\map-server\Debug\script.obj
C:\Users\nasagnilac\Desktop\rAmod\Server\rAthena\vcproj-10\map-server\Debug\searchstore.obj
C:\Users\nasagnilac\Desktop\rAmod\Server\rAthena\vcproj-10\map-server\Debug\showmsg.obj
C:\Users\nasagnilac\Desktop\rAmod\Server\rAthena\vcproj-10\map-server\Debug\skill.obj
C:\Users\nasagnilac\Desktop\rAmod\Server\rAthena\vcproj-10\map-server\Debug\socket.obj
C:\Users\nasagnilac\Desktop\rAmod\Server\rAthena\vcproj-10\map-server\Debug\sql.obj
C:\Users\nasagnilac\Desktop\rAmod\Server\rAthena\vcproj-10\map-server\Debug\status.obj
C:\Users\nasagnilac\Desktop\rAmod\Server\rAthena\vcproj-10\map-server\Debug\storage.obj
C:\Users\nasagnilac\Desktop\rAmod\Server\rAthena\vcproj-10\map-server\Debug\strbuf.obj
C:\Users\nasagnilac\Desktop\rAmod\Server\rAthena\vcproj-10\map-server\Debug\strlib.obj
C:\Users\nasagnilac\Desktop\rAmod\Server\rAthena\vcproj-10\map-server\Debug\thread.obj
C:\Users\nasagnilac\Desktop\rAmod\Server\rAthena\vcproj-10\map-server\Debug\timer.obj
C:\Users\nasagnilac\Desktop\rAmod\Server\rAthena\vcproj-10\map-server\Debug\trade.obj
C:\Users\nasagnilac\Desktop\rAmod\Server\rAthena\vcproj-10\map-server\Debug\unit.obj
C:\Users\nasagnilac\Desktop\rAmod\Server\rAthena\vcproj-10\map-server\Debug\utils.obj
C:\Users\nasagnilac\Desktop\rAmod\Server\rAthena\vcproj-10\map-server\Debug\vc100.idb
C:\USERS\NASAGNILAC\DESKTOP\RAMOD\SERVER\RATHENA\VCPROJ-10\MAP-SERVER\DEBUG\VC100.PDB
C:\Users\nasagnilac\Desktop\rAmod\Server\rAthena\vcproj-10\map-server\Debug\vending.obj
