..\char-server.ilk
..\char-server.pdb
C:\USERS\NASAGNILAC\DESKTOP\RAMOD\SERVER\RATHENA\CHAR-SERVER.EXE
C:\USERS\NASAGNILAC\DESKTOP\RAMOD\SERVER\RATHENA\CHAR-SERVER.ILK
C:\USERS\NASAGNILAC\DESKTOP\RAMOD\SERVER\RATHENA\CHAR-SERVER.PDB
C:\Users\nasagnilac\Desktop\rAmod\Server\rAthena\vcproj-10\..\char-server.exe
C:\Users\nasagnilac\Desktop\rAmod\Server\rAthena\vcproj-10\char-server\Debug\char.obj
C:\Users\nasagnilac\Desktop\rAmod\Server\rAthena\vcproj-10\char-server\Debug\char_clif.obj
C:\Users\nasagnilac\Desktop\rAmod\Server\rAthena\vcproj-10\char-server\Debug\char_cnslif.obj
C:\Users\nasagnilac\Desktop\rAmod\Server\rAthena\vcproj-10\char-server\Debug\char_logif.obj
C:\Users\nasagnilac\Desktop\rAmod\Server\rAthena\vcproj-10\char-server\Debug\char_mapif.obj
C:\USERS\NASAGNILAC\DESKTOP\RAMOD\SERVER\RATHENA\VCPROJ-10\CHAR-SERVER\DEBUG\CHAR-SERVER.EXE.EMBED.MANIFEST
C:\USERS\NASAGNILAC\DESKTOP\RAMOD\SERVER\RATHENA\VCPROJ-10\CHAR-SERVER\DEBUG\CHAR-SERVER.EXE.EMBED.MANIFEST.RES
C:\USERS\NASAGNILAC\DESKTOP\RAMOD\SERVER\RATHENA\VCPROJ-10\CHAR-SERVER\DEBUG\CHAR-SERVER.EXE.INTERMEDIATE.MANIFEST
C:\Users\nasagnilac\Desktop\rAmod\Server\rAthena\vcproj-10\char-server\Debug\char-server_manifest.rc
C:\Users\nasagnilac\Desktop\rAmod\Server\rAthena\vcproj-10\char-server\Debug\CL.7180.read.1.tlog
C:\Users\nasagnilac\Desktop\rAmod\Server\rAthena\vcproj-10\char-server\Debug\CL.7180.write.1.tlog
C:\Users\nasagnilac\Desktop\rAmod\Server\rAthena\vcproj-10\char-server\Debug\CL.7188.read.1.tlog
C:\Users\nasagnilac\Desktop\rAmod\Server\rAthena\vcproj-10\char-server\Debug\CL.7188.write.1.tlog
C:\Users\nasagnilac\Desktop\rAmod\Server\rAthena\vcproj-10\char-server\Debug\CL.7196.read.1.tlog
C:\Users\nasagnilac\Desktop\rAmod\Server\rAthena\vcproj-10\char-server\Debug\CL.7196.write.1.tlog
C:\Users\nasagnilac\Desktop\rAmod\Server\rAthena\vcproj-10\char-server\Debug\CL.7204.read.1.tlog
C:\Users\nasagnilac\Desktop\rAmod\Server\rAthena\vcproj-10\char-server\Debug\CL.7204.write.1.tlog
C:\Users\nasagnilac\Desktop\rAmod\Server\rAthena\vcproj-10\char-server\Debug\cl.command.1.tlog
C:\Users\nasagnilac\Desktop\rAmod\Server\rAthena\vcproj-10\char-server\Debug\CL.read.1.tlog
C:\Users\nasagnilac\Desktop\rAmod\Server\rAthena\vcproj-10\char-server\Debug\cl.write.1.tlog
C:\Users\nasagnilac\Desktop\rAmod\Server\rAthena\vcproj-10\char-server\Debug\cli.obj
C:\Users\nasagnilac\Desktop\rAmod\Server\rAthena\vcproj-10\char-server\Debug\conf.obj
C:\Users\nasagnilac\Desktop\rAmod\Server\rAthena\vcproj-10\char-server\Debug\core.obj
C:\Users\nasagnilac\Desktop\rAmod\Server\rAthena\vcproj-10\char-server\Debug\db.obj
C:\Users\nasagnilac\Desktop\rAmod\Server\rAthena\vcproj-10\char-server\Debug\ers.obj
C:\Users\nasagnilac\Desktop\rAmod\Server\rAthena\vcproj-10\char-server\Debug\grammar.obj
C:\Users\nasagnilac\Desktop\rAmod\Server\rAthena\vcproj-10\char-server\Debug\int_achievement.obj
C:\Users\nasagnilac\Desktop\rAmod\Server\rAthena\vcproj-10\char-server\Debug\int_auction.obj
C:\Users\nasagnilac\Desktop\rAmod\Server\rAthena\vcproj-10\char-server\Debug\int_elemental.obj
C:\Users\nasagnilac\Desktop\rAmod\Server\rAthena\vcproj-10\char-server\Debug\int_guild.obj
C:\Users\nasagnilac\Desktop\rAmod\Server\rAthena\vcproj-10\char-server\Debug\int_homun.obj
C:\Users\nasagnilac\Desktop\rAmod\Server\rAthena\vcproj-10\char-server\Debug\int_mail.obj
C:\Users\nasagnilac\Desktop\rAmod\Server\rAthena\vcproj-10\char-server\Debug\int_mercenary.obj
C:\Users\nasagnilac\Desktop\rAmod\Server\rAthena\vcproj-10\char-server\Debug\int_party.obj
C:\Users\nasagnilac\Desktop\rAmod\Server\rAthena\vcproj-10\char-server\Debug\int_pet.obj
C:\Users\nasagnilac\Desktop\rAmod\Server\rAthena\vcproj-10\char-server\Debug\int_quest.obj
C:\Users\nasagnilac\Desktop\rAmod\Server\rAthena\vcproj-10\char-server\Debug\int_storage.obj
C:\Users\nasagnilac\Desktop\rAmod\Server\rAthena\vcproj-10\char-server\Debug\inter.obj
C:\Users\nasagnilac\Desktop\rAmod\Server\rAthena\vcproj-10\char-server\Debug\libconfig.obj
C:\Users\nasagnilac\Desktop\rAmod\Server\rAthena\vcproj-10\char-server\Debug\link.6764.read.1.tlog
C:\Users\nasagnilac\Desktop\rAmod\Server\rAthena\vcproj-10\char-server\Debug\link.6764.write.1.tlog
C:\Users\nasagnilac\Desktop\rAmod\Server\rAthena\vcproj-10\char-server\Debug\link.6764-cvtres.read.1.tlog
C:\Users\nasagnilac\Desktop\rAmod\Server\rAthena\vcproj-10\char-server\Debug\link.6764-cvtres.write.1.tlog
C:\Users\nasagnilac\Desktop\rAmod\Server\rAthena\vcproj-10\char-server\Debug\link.command.1.tlog
C:\Users\nasagnilac\Desktop\rAmod\Server\rAthena\vcproj-10\char-server\Debug\link.read.1.tlog
C:\Users\nasagnilac\Desktop\rAmod\Server\rAthena\vcproj-10\char-server\Debug\link.write.1.tlog
C:\Users\nasagnilac\Desktop\rAmod\Server\rAthena\vcproj-10\char-server\Debug\link-cvtres.read.1.tlog
C:\Users\nasagnilac\Desktop\rAmod\Server\rAthena\vcproj-10\char-server\Debug\link-cvtres.write.1.tlog
C:\Users\nasagnilac\Desktop\rAmod\Server\rAthena\vcproj-10\char-server\Debug\malloc.obj
C:\Users\nasagnilac\Desktop\rAmod\Server\rAthena\vcproj-10\char-server\Debug\mapindex.obj
C:\Users\nasagnilac\Desktop\rAmod\Server\rAthena\vcproj-10\char-server\Debug\mempool.obj
C:\Users\nasagnilac\Desktop\rAmod\Server\rAthena\vcproj-10\char-server\Debug\msg_conf.obj
C:\Users\nasagnilac\Desktop\rAmod\Server\rAthena\vcproj-10\char-server\Debug\mt.command.1.tlog
C:\Users\nasagnilac\Desktop\rAmod\Server\rAthena\vcproj-10\char-server\Debug\mt.read.1.tlog
C:\Users\nasagnilac\Desktop\rAmod\Server\rAthena\vcproj-10\char-server\Debug\mt.write.1.tlog
C:\Users\nasagnilac\Desktop\rAmod\Server\rAthena\vcproj-10\char-server\Debug\mt19937ar.obj
C:\Users\nasagnilac\Desktop\rAmod\Server\rAthena\vcproj-10\char-server\Debug\mutex.obj
C:\Users\nasagnilac\Desktop\rAmod\Server\rAthena\vcproj-10\char-server\Debug\nullpo.obj
C:\Users\nasagnilac\Desktop\rAmod\Server\rAthena\vcproj-10\char-server\Debug\raconf.obj
C:\Users\nasagnilac\Desktop\rAmod\Server\rAthena\vcproj-10\char-server\Debug\random.obj
C:\Users\nasagnilac\Desktop\rAmod\Server\rAthena\vcproj-10\char-server\Debug\rc.command.1.tlog
C:\Users\nasagnilac\Desktop\rAmod\Server\rAthena\vcproj-10\char-server\Debug\rc.read.1.tlog
C:\Users\nasagnilac\Desktop\rAmod\Server\rAthena\vcproj-10\char-server\Debug\rc.write.1.tlog
C:\Users\nasagnilac\Desktop\rAmod\Server\rAthena\vcproj-10\char-server\Debug\scanctx.obj
C:\Users\nasagnilac\Desktop\rAmod\Server\rAthena\vcproj-10\char-server\Debug\scanner.obj
C:\Users\nasagnilac\Desktop\rAmod\Server\rAthena\vcproj-10\char-server\Debug\showmsg.obj
C:\Users\nasagnilac\Desktop\rAmod\Server\rAthena\vcproj-10\char-server\Debug\socket.obj
C:\Users\nasagnilac\Desktop\rAmod\Server\rAthena\vcproj-10\char-server\Debug\sql.obj
C:\Users\nasagnilac\Desktop\rAmod\Server\rAthena\vcproj-10\char-server\Debug\strbuf.obj
C:\Users\nasagnilac\Desktop\rAmod\Server\rAthena\vcproj-10\char-server\Debug\strlib.obj
C:\Users\nasagnilac\Desktop\rAmod\Server\rAthena\vcproj-10\char-server\Debug\thread.obj
C:\Users\nasagnilac\Desktop\rAmod\Server\rAthena\vcproj-10\char-server\Debug\timer.obj
C:\Users\nasagnilac\Desktop\rAmod\Server\rAthena\vcproj-10\char-server\Debug\utils.obj
C:\Users\nasagnilac\Desktop\rAmod\Server\rAthena\vcproj-10\char-server\Debug\vc100.idb
C:\USERS\NASAGNILAC\DESKTOP\RAMOD\SERVER\RATHENA\VCPROJ-10\CHAR-SERVER\DEBUG\VC100.PDB
