This file contains any messages produced by compilers while
running configure, to aid debugging if configure makes a mistake.

It was created by configure, which was
generated by GNU Autoconf 2.69.  Invocation command line was

  $ ./configure 

## --------- ##
## Platform. ##
## --------- ##

hostname = chaosro
uname -m = i686
uname -r = 2.6.32-042stab085.17
uname -s = Linux
uname -v = #1 SMP Thu Mar 6 16:49:33 MSK 2014

/usr/bin/uname -p = unknown
/bin/uname -X     = unknown

/bin/arch              = unknown
/usr/bin/arch -k       = unknown
/usr/convex/getsysinfo = unknown
/usr/bin/hostinfo      = unknown
/bin/machine           = unknown
/usr/bin/oslevel       = unknown
/bin/universe          = unknown

PATH: /usr/local/bin
PATH: /usr/bin
PATH: /bin
PATH: /usr/bin/X11
PATH: /usr/games


## ----------- ##
## Core tests. ##
## ----------- ##

configure:2230: checking for gcc
configure:2246: found /usr/bin/gcc
configure:2257: result: gcc
configure:2486: checking for C compiler version
configure:2495: gcc --version >&5
gcc (Debian 4.4.5-8) 4.4.5
Copyright (C) 2010 Free Software Foundation, Inc.
This is free software; see the source for copying conditions.  There is NO
warranty; not even for MERCHANTABILITY or FITNESS FOR A PARTICULAR PURPOSE.

configure:2506: $? = 0
configure:2495: gcc -v >&5
Using built-in specs.
Target: i486-linux-gnu
Configured with: ../src/configure -v --with-pkgversion='Debian 4.4.5-8' --with-bugurl=file:///usr/share/doc/gcc-4.4/README.Bugs --enable-languages=c,c++,fortran,objc,obj-c++ --prefix=/usr --program-suffix=-4.4 --enable-shared --enable-multiarch --enable-linker-build-id --with-system-zlib --libexecdir=/usr/lib --without-included-gettext --enable-threads=posix --with-gxx-include-dir=/usr/include/c++/4.4 --libdir=/usr/lib --enable-nls --enable-clocale=gnu --enable-libstdcxx-debug --enable-objc-gc --enable-targets=all --with-arch-32=i586 --with-tune=generic --enable-checking=release --build=i486-linux-gnu --host=i486-linux-gnu --target=i486-linux-gnu
Thread model: posix
gcc version 4.4.5 (Debian 4.4.5-8) 
configure:2506: $? = 0
configure:2495: gcc -V >&5
gcc: '-V' option must have argument
configure:2506: $? = 1
configure:2495: gcc -qversion >&5
gcc: unrecognized option '-qversion'
gcc: no input files
configure:2506: $? = 1
configure:2526: checking whether the C compiler works
configure:2548: gcc    conftest.c  >&5
configure:2552: $? = 0
configure:2600: result: yes
configure:2603: checking for C compiler default output file name
configure:2605: result: a.out
configure:2611: checking for suffix of executables
configure:2618: gcc -o conftest    conftest.c  >&5
configure:2622: $? = 0
configure:2644: result: 
configure:2666: checking whether we are cross compiling
configure:2674: gcc -o conftest    conftest.c  >&5
configure:2678: $? = 0
configure:2685: ./conftest
configure:2689: $? = 0
configure:2704: result: no
configure:2709: checking for suffix of object files
configure:2731: gcc -c   conftest.c >&5
configure:2735: $? = 0
configure:2756: result: o
configure:2760: checking whether we are using the GNU C compiler
configure:2779: gcc -c   conftest.c >&5
configure:2779: $? = 0
configure:2788: result: yes
configure:2797: checking whether gcc accepts -g
configure:2817: gcc -c -g  conftest.c >&5
configure:2817: $? = 0
configure:2858: result: yes
configure:2875: checking for gcc option to accept ISO C89
configure:2938: gcc  -c -g -O2  conftest.c >&5
configure:2938: $? = 0
configure:2951: result: none needed
configure:2977: checking how to run the C preprocessor
configure:3008: gcc -E  conftest.c
configure:3008: $? = 0
configure:3022: gcc -E  conftest.c
conftest.c:9:28: error: ac_nonexistent.h: No such file or directory
configure:3022: $? = 1
configure: failed program was:
| /* confdefs.h */
| #define PACKAGE_NAME ""
| #define PACKAGE_TARNAME ""
| #define PACKAGE_VERSION ""
| #define PACKAGE_STRING ""
| #define PACKAGE_BUGREPORT ""
| #define PACKAGE_URL ""
| /* end confdefs.h.  */
| #include <ac_nonexistent.h>
configure:3047: result: gcc -E
configure:3067: gcc -E  conftest.c
configure:3067: $? = 0
configure:3081: gcc -E  conftest.c
conftest.c:9:28: error: ac_nonexistent.h: No such file or directory
configure:3081: $? = 1
configure: failed program was:
| /* confdefs.h */
| #define PACKAGE_NAME ""
| #define PACKAGE_TARNAME ""
| #define PACKAGE_VERSION ""
| #define PACKAGE_STRING ""
| #define PACKAGE_BUGREPORT ""
| #define PACKAGE_URL ""
| /* end confdefs.h.  */
| #include <ac_nonexistent.h>
configure:3110: checking for grep that handles long lines and -e
configure:3168: result: /bin/grep
configure:3173: checking for egrep
configure:3235: result: /bin/grep -E
configure:3240: checking for ANSI C header files
configure:3260: gcc -c -g -O2  conftest.c >&5
configure:3260: $? = 0
configure:3333: gcc -o conftest -g -O2   conftest.c  >&5
configure:3333: $? = 0
configure:3333: ./conftest
configure:3333: $? = 0
configure:3344: result: yes
configure:3357: checking for sys/types.h
configure:3357: gcc -c -g -O2  conftest.c >&5
configure:3357: $? = 0
configure:3357: result: yes
configure:3357: checking for sys/stat.h
configure:3357: gcc -c -g -O2  conftest.c >&5
configure:3357: $? = 0
configure:3357: result: yes
configure:3357: checking for stdlib.h
configure:3357: gcc -c -g -O2  conftest.c >&5
configure:3357: $? = 0
configure:3357: result: yes
configure:3357: checking for string.h
configure:3357: gcc -c -g -O2  conftest.c >&5
configure:3357: $? = 0
configure:3357: result: yes
configure:3357: checking for memory.h
configure:3357: gcc -c -g -O2  conftest.c >&5
configure:3357: $? = 0
configure:3357: result: yes
configure:3357: checking for strings.h
configure:3357: gcc -c -g -O2  conftest.c >&5
configure:3357: $? = 0
configure:3357: result: yes
configure:3357: checking for inttypes.h
configure:3357: gcc -c -g -O2  conftest.c >&5
configure:3357: $? = 0
configure:3357: result: yes
configure:3357: checking for stdint.h
configure:3357: gcc -c -g -O2  conftest.c >&5
configure:3357: $? = 0
configure:3357: result: yes
configure:3357: checking for unistd.h
configure:3357: gcc -c -g -O2  conftest.c >&5
configure:3357: $? = 0
configure:3357: result: yes
configure:3370: checking minix/config.h usability
configure:3370: gcc -c -g -O2  conftest.c >&5
conftest.c:52:26: error: minix/config.h: No such file or directory
configure:3370: $? = 1
configure: failed program was:
| /* confdefs.h */
| #define PACKAGE_NAME ""
| #define PACKAGE_TARNAME ""
| #define PACKAGE_VERSION ""
| #define PACKAGE_STRING ""
| #define PACKAGE_BUGREPORT ""
| #define PACKAGE_URL ""
| #define STDC_HEADERS 1
| #define HAVE_SYS_TYPES_H 1
| #define HAVE_SYS_STAT_H 1
| #define HAVE_STDLIB_H 1
| #define HAVE_STRING_H 1
| #define HAVE_MEMORY_H 1
| #define HAVE_STRINGS_H 1
| #define HAVE_INTTYPES_H 1
| #define HAVE_STDINT_H 1
| #define HAVE_UNISTD_H 1
| /* end confdefs.h.  */
| #include <stdio.h>
| #ifdef HAVE_SYS_TYPES_H
| # include <sys/types.h>
| #endif
| #ifdef HAVE_SYS_STAT_H
| # include <sys/stat.h>
| #endif
| #ifdef STDC_HEADERS
| # include <stdlib.h>
| # include <stddef.h>
| #else
| # ifdef HAVE_STDLIB_H
| #  include <stdlib.h>
| # endif
| #endif
| #ifdef HAVE_STRING_H
| # if !defined STDC_HEADERS && defined HAVE_MEMORY_H
| #  include <memory.h>
| # endif
| # include <string.h>
| #endif
| #ifdef HAVE_STRINGS_H
| # include <strings.h>
| #endif
| #ifdef HAVE_INTTYPES_H
| # include <inttypes.h>
| #endif
| #ifdef HAVE_STDINT_H
| # include <stdint.h>
| #endif
| #ifdef HAVE_UNISTD_H
| # include <unistd.h>
| #endif
| #include <minix/config.h>
configure:3370: result: no
configure:3370: checking minix/config.h presence
configure:3370: gcc -E  conftest.c
conftest.c:19:26: error: minix/config.h: No such file or directory
configure:3370: $? = 1
configure: failed program was:
| /* confdefs.h */
| #define PACKAGE_NAME ""
| #define PACKAGE_TARNAME ""
| #define PACKAGE_VERSION ""
| #define PACKAGE_STRING ""
| #define PACKAGE_BUGREPORT ""
| #define PACKAGE_URL ""
| #define STDC_HEADERS 1
| #define HAVE_SYS_TYPES_H 1
| #define HAVE_SYS_STAT_H 1
| #define HAVE_STDLIB_H 1
| #define HAVE_STRING_H 1
| #define HAVE_MEMORY_H 1
| #define HAVE_STRINGS_H 1
| #define HAVE_INTTYPES_H 1
| #define HAVE_STDINT_H 1
| #define HAVE_UNISTD_H 1
| /* end confdefs.h.  */
| #include <minix/config.h>
configure:3370: result: no
configure:3370: checking for minix/config.h
configure:3370: result: no
configure:3391: checking whether it is safe to define __EXTENSIONS__
configure:3409: gcc -c -g -O2  conftest.c >&5
configure:3409: $? = 0
configure:3416: result: yes
configure:3797: checking whether make sets $(MAKE)
configure:3819: result: yes
configure:3876: checking for gcc
configure:3903: result: gcc
configure:4132: checking for C compiler version
configure:4141: gcc --version >&5
gcc (Debian 4.4.5-8) 4.4.5
Copyright (C) 2010 Free Software Foundation, Inc.
This is free software; see the source for copying conditions.  There is NO
warranty; not even for MERCHANTABILITY or FITNESS FOR A PARTICULAR PURPOSE.

configure:4152: $? = 0
configure:4141: gcc -v >&5
Using built-in specs.
Target: i486-linux-gnu
Configured with: ../src/configure -v --with-pkgversion='Debian 4.4.5-8' --with-bugurl=file:///usr/share/doc/gcc-4.4/README.Bugs --enable-languages=c,c++,fortran,objc,obj-c++ --prefix=/usr --program-suffix=-4.4 --enable-shared --enable-multiarch --enable-linker-build-id --with-system-zlib --libexecdir=/usr/lib --without-included-gettext --enable-threads=posix --with-gxx-include-dir=/usr/include/c++/4.4 --libdir=/usr/lib --enable-nls --enable-clocale=gnu --enable-libstdcxx-debug --enable-objc-gc --enable-targets=all --with-arch-32=i586 --with-tune=generic --enable-checking=release --build=i486-linux-gnu --host=i486-linux-gnu --target=i486-linux-gnu
Thread model: posix
gcc version 4.4.5 (Debian 4.4.5-8) 
configure:4152: $? = 0
configure:4141: gcc -V >&5
gcc: '-V' option must have argument
configure:4152: $? = 1
configure:4141: gcc -qversion >&5
gcc: unrecognized option '-qversion'
gcc: no input files
configure:4152: $? = 1
configure:4156: checking whether we are using the GNU C compiler
configure:4184: result: yes
configure:4193: checking whether gcc accepts -g
configure:4254: result: yes
configure:4271: checking for gcc option to accept ISO C89
configure:4347: result: none needed
configure:4372: checking how to run the C preprocessor
configure:4442: result: gcc -E
configure:4462: gcc -E  -DMAXCONN=16384 conftest.c
configure:4462: $? = 0
configure:4476: gcc -E  -DMAXCONN=16384 conftest.c
conftest.c:24:28: error: ac_nonexistent.h: No such file or directory
configure:4476: $? = 1
configure: failed program was:
| /* confdefs.h */
| #define PACKAGE_NAME ""
| #define PACKAGE_TARNAME ""
| #define PACKAGE_VERSION ""
| #define PACKAGE_STRING ""
| #define PACKAGE_BUGREPORT ""
| #define PACKAGE_URL ""
| #define STDC_HEADERS 1
| #define HAVE_SYS_TYPES_H 1
| #define HAVE_SYS_STAT_H 1
| #define HAVE_STDLIB_H 1
| #define HAVE_STRING_H 1
| #define HAVE_MEMORY_H 1
| #define HAVE_STRINGS_H 1
| #define HAVE_INTTYPES_H 1
| #define HAVE_STDINT_H 1
| #define HAVE_UNISTD_H 1
| #define __EXTENSIONS__ 1
| #define _ALL_SOURCE 1
| #define _GNU_SOURCE 1
| #define _POSIX_PTHREAD_SEMANTICS 1
| #define _TANDEM_SOURCE 1
| /* end confdefs.h.  */
| #include <ac_nonexistent.h>
configure:4506: checking for ar
configure:4524: found /usr/bin/ar
configure:4536: result: /usr/bin/ar
configure:4556: checking whether byte ordering is bigendian
configure:4571: gcc -c -g -O2 -pipe -ffast-math -Wall  -DMAXCONN=16384 -I../common conftest.c >&5
conftest.c:25: error: expected '=', ',', ';', 'asm' or '__attribute__' before 'a'
configure:4571: $? = 1
configure: failed program was:
| /* confdefs.h */
| #define PACKAGE_NAME ""
| #define PACKAGE_TARNAME ""
| #define PACKAGE_VERSION ""
| #define PACKAGE_STRING ""
| #define PACKAGE_BUGREPORT ""
| #define PACKAGE_URL ""
| #define STDC_HEADERS 1
| #define HAVE_SYS_TYPES_H 1
| #define HAVE_SYS_STAT_H 1
| #define HAVE_STDLIB_H 1
| #define HAVE_STRING_H 1
| #define HAVE_MEMORY_H 1
| #define HAVE_STRINGS_H 1
| #define HAVE_INTTYPES_H 1
| #define HAVE_STDINT_H 1
| #define HAVE_UNISTD_H 1
| #define __EXTENSIONS__ 1
| #define _ALL_SOURCE 1
| #define _GNU_SOURCE 1
| #define _POSIX_PTHREAD_SEMANTICS 1
| #define _TANDEM_SOURCE 1
| /* end confdefs.h.  */
| #ifndef __APPLE_CC__
| 	       not a universal capable compiler
| 	     #endif
| 	     typedef int dummy;
| 
configure:4616: gcc -c -g -O2 -pipe -ffast-math -Wall  -DMAXCONN=16384 -I../common conftest.c >&5
configure:4616: $? = 0
configure:4634: gcc -c -g -O2 -pipe -ffast-math -Wall  -DMAXCONN=16384 -I../common conftest.c >&5
conftest.c: In function 'main':
conftest.c:31: error: 'not' undeclared (first use in this function)
conftest.c:31: error: (Each undeclared identifier is reported only once
conftest.c:31: error: for each function it appears in.)
conftest.c:31: error: expected ';' before 'big'
configure:4634: $? = 1
configure: failed program was:
| /* confdefs.h */
| #define PACKAGE_NAME ""
| #define PACKAGE_TARNAME ""
| #define PACKAGE_VERSION ""
| #define PACKAGE_STRING ""
| #define PACKAGE_BUGREPORT ""
| #define PACKAGE_URL ""
| #define STDC_HEADERS 1
| #define HAVE_SYS_TYPES_H 1
| #define HAVE_SYS_STAT_H 1
| #define HAVE_STDLIB_H 1
| #define HAVE_STRING_H 1
| #define HAVE_MEMORY_H 1
| #define HAVE_STRINGS_H 1
| #define HAVE_INTTYPES_H 1
| #define HAVE_STDINT_H 1
| #define HAVE_UNISTD_H 1
| #define __EXTENSIONS__ 1
| #define _ALL_SOURCE 1
| #define _GNU_SOURCE 1
| #define _POSIX_PTHREAD_SEMANTICS 1
| #define _TANDEM_SOURCE 1
| /* end confdefs.h.  */
| #include <sys/types.h>
| 		#include <sys/param.h>
| 
| int
| main ()
| {
| #if BYTE_ORDER != BIG_ENDIAN
| 		 not big endian
| 		#endif
| 
|   ;
|   return 0;
| }
configure:4762: result: no
configure:4831: checking whether gcc produces 32bit code
configure:4849: gcc -o conftest -g -O2 -pipe -ffast-math -Wall  -DMAXCONN=16384 -I../common  conftest.c  >&5
configure:4849: $? = 0
configure:4849: ./conftest
configure:4849: $? = 0
configure:4851: result: yes
configure:4853: checking whether gcc supports -march=i686 (and we can run it)
configure:4874: gcc -o conftest -g -O2 -pipe -ffast-math -Wall -march=i686  -DMAXCONN=16384 -I../common  -march=i686 conftest.c  >&5
configure:4874: $? = 0
configure:4874: ./conftest
configure:4874: $? = 0
configure:4876: result: yes
configure:4908: checking whether gcc supports __thread specifier (TLS)
configure:4927: gcc -o conftest -g -O2 -pipe -ffast-math -Wall -march=i686  -DMAXCONN=16384 -I../common  -march=i686 conftest.c  >&5
configure:4927: $? = 0
configure:4927: ./conftest
configure:4927: $? = 0
configure:4929: result: yes
configure:4956: checking whether gcc supports -flto
configure:4973: gcc -o conftest -g -O2 -pipe -ffast-math -Wall -march=i686 -flto  -DMAXCONN=16384 -I../common -DHAS_TLS  -march=i686 -flto conftest.c  >&5
cc1: error: unrecognized command line option "-flto"
cc1: error: unrecognized command line option "-flto"
configure:4973: $? = 1
configure: program exited with status 1
configure: failed program was:
| /* confdefs.h */
| #define PACKAGE_NAME ""
| #define PACKAGE_TARNAME ""
| #define PACKAGE_VERSION ""
| #define PACKAGE_STRING ""
| #define PACKAGE_BUGREPORT ""
| #define PACKAGE_URL ""
| #define STDC_HEADERS 1
| #define HAVE_SYS_TYPES_H 1
| #define HAVE_SYS_STAT_H 1
| #define HAVE_STDLIB_H 1
| #define HAVE_STRING_H 1
| #define HAVE_MEMORY_H 1
| #define HAVE_STRINGS_H 1
| #define HAVE_INTTYPES_H 1
| #define HAVE_STDINT_H 1
| #define HAVE_UNISTD_H 1
| #define __EXTENSIONS__ 1
| #define _ALL_SOURCE 1
| #define _GNU_SOURCE 1
| #define _POSIX_PTHREAD_SEMANTICS 1
| #define _TANDEM_SOURCE 1
| /* end confdefs.h.  */
| 
| 			int main(int argc, char **argv){
| 				return 0;
| 			}
| 
configure:4980: result: no
configure:4998: checking whether gcc supports -Wno-unused-parameter
configure:5006: gcc -c -g -O2 -pipe -ffast-math -Wall -march=i686 -Werror -Wno-unused-parameter  -DMAXCONN=16384 -I../common -DHAS_TLS conftest.c >&5
configure:5006: $? = 0
configure:5016: gcc -c -g -O2 -pipe -ffast-math -Wall -march=i686 -Werror -Wunused-parameter  -DMAXCONN=16384 -I../common -DHAS_TLS conftest.c >&5
configure:5016: $? = 0
configure:5018: result: yes
configure:5023: checking whether gcc can actually use -Wno-unused-parameter
configure:5030: gcc -c -g -O2 -pipe -ffast-math -Wall -march=i686 -Werror -Wunused-parameter  -DMAXCONN=16384 -I../common -DHAS_TLS conftest.c >&5
cc1: warnings being treated as errors
conftest.c: In function 'foo':
conftest.c:24: error: unused parameter 'bar'
configure:5030: $? = 1
configure: failed program was:
| /* confdefs.h */
| #define PACKAGE_NAME ""
| #define PACKAGE_TARNAME ""
| #define PACKAGE_VERSION ""
| #define PACKAGE_STRING ""
| #define PACKAGE_BUGREPORT ""
| #define PACKAGE_URL ""
| #define STDC_HEADERS 1
| #define HAVE_SYS_TYPES_H 1
| #define HAVE_SYS_STAT_H 1
| #define HAVE_STDLIB_H 1
| #define HAVE_STRING_H 1
| #define HAVE_MEMORY_H 1
| #define HAVE_STRINGS_H 1
| #define HAVE_INTTYPES_H 1
| #define HAVE_STDINT_H 1
| #define HAVE_UNISTD_H 1
| #define __EXTENSIONS__ 1
| #define _ALL_SOURCE 1
| #define _GNU_SOURCE 1
| #define _POSIX_PTHREAD_SEMANTICS 1
| #define _TANDEM_SOURCE 1
| /* end confdefs.h.  */
| int foo(int bar) { return 0; }
configure:5043: gcc -c -g -O2 -pipe -ffast-math -Wall -march=i686 -Werror -Wno-unused-parameter  -DMAXCONN=16384 -I../common -DHAS_TLS conftest.c >&5
configure:5043: $? = 0
configure:5045: result: yes
configure:5086: checking whether gcc supports -Wno-maybe-uninitialized
configure:5094: gcc -c -g -O2 -pipe -ffast-math -Wall -march=i686 -Wno-unused-parameter -Werror -Wno-maybe-uninitialized  -DMAXCONN=16384 -I../common -DHAS_TLS conftest.c >&5
configure:5094: $? = 0
configure:5104: gcc -c -g -O2 -pipe -ffast-math -Wall -march=i686 -Wno-unused-parameter -Werror -Wmaybe-uninitialized  -DMAXCONN=16384 -I../common -DHAS_TLS conftest.c >&5
cc1: error: unrecognized command line option "-Wmaybe-uninitialized"
configure:5104: $? = 1
configure: failed program was:
| /* confdefs.h */
| #define PACKAGE_NAME ""
| #define PACKAGE_TARNAME ""
| #define PACKAGE_VERSION ""
| #define PACKAGE_STRING ""
| #define PACKAGE_BUGREPORT ""
| #define PACKAGE_URL ""
| #define STDC_HEADERS 1
| #define HAVE_SYS_TYPES_H 1
| #define HAVE_SYS_STAT_H 1
| #define HAVE_STDLIB_H 1
| #define HAVE_STRING_H 1
| #define HAVE_MEMORY_H 1
| #define HAVE_STRINGS_H 1
| #define HAVE_INTTYPES_H 1
| #define HAVE_STDINT_H 1
| #define HAVE_UNISTD_H 1
| #define __EXTENSIONS__ 1
| #define _ALL_SOURCE 1
| #define _GNU_SOURCE 1
| #define _POSIX_PTHREAD_SEMANTICS 1
| #define _TANDEM_SOURCE 1
| /* end confdefs.h.  */
| int foo;
configure:5154: result: no
configure:5174: checking whether gcc supports -Wno-clobbered
configure:5182: gcc -c -g -O2 -pipe -ffast-math -Wall -march=i686 -Wno-unused-parameter -Werror -Wno-clobbered  -DMAXCONN=16384 -I../common -DHAS_TLS conftest.c >&5
configure:5182: $? = 0
configure:5192: gcc -c -g -O2 -pipe -ffast-math -Wall -march=i686 -Wno-unused-parameter -Werror -Wclobbered  -DMAXCONN=16384 -I../common -DHAS_TLS conftest.c >&5
configure:5192: $? = 0
configure:5194: result: yes
configure:5262: checking whether gcc supports -Wempty-body
configure:5270: gcc -c -g -O2 -pipe -ffast-math -Wall -march=i686 -Wno-unused-parameter -Wno-clobbered -Werror -Wempty-body  -DMAXCONN=16384 -I../common -DHAS_TLS conftest.c >&5
configure:5270: $? = 0
configure:5272: result: yes
configure:5311: checking whether gcc supports -Wnewline-eof
configure:5319: gcc -c -g -O2 -pipe -ffast-math -Wall -march=i686 -Wno-unused-parameter -Wno-clobbered -Wempty-body -Werror -Wnewline-eof  -DMAXCONN=16384 -I../common -DHAS_TLS conftest.c >&5
cc1: error: unrecognized command line option "-Wnewline-eof"
configure:5319: $? = 1
configure: failed program was:
| /* confdefs.h */
| #define PACKAGE_NAME ""
| #define PACKAGE_TARNAME ""
| #define PACKAGE_VERSION ""
| #define PACKAGE_STRING ""
| #define PACKAGE_BUGREPORT ""
| #define PACKAGE_URL ""
| #define STDC_HEADERS 1
| #define HAVE_SYS_TYPES_H 1
| #define HAVE_SYS_STAT_H 1
| #define HAVE_STDLIB_H 1
| #define HAVE_STRING_H 1
| #define HAVE_MEMORY_H 1
| #define HAVE_STRINGS_H 1
| #define HAVE_INTTYPES_H 1
| #define HAVE_STDINT_H 1
| #define HAVE_UNISTD_H 1
| #define __EXTENSIONS__ 1
| #define _ALL_SOURCE 1
| #define _GNU_SOURCE 1
| #define _POSIX_PTHREAD_SEMANTICS 1
| #define _TANDEM_SOURCE 1
| /* end confdefs.h.  */
| int foo;
configure:5350: result: no
configure:5360: checking whether gcc supports -Wint-conversion
configure:5368: gcc -c -g -O2 -pipe -ffast-math -Wall -march=i686 -Wno-unused-parameter -Wno-clobbered -Wempty-body -Werror -Wint-conversion  -DMAXCONN=16384 -I../common -DHAS_TLS conftest.c >&5
cc1: error: unrecognized command line option "-Wint-conversion"
configure:5368: $? = 1
configure: failed program was:
| /* confdefs.h */
| #define PACKAGE_NAME ""
| #define PACKAGE_TARNAME ""
| #define PACKAGE_VERSION ""
| #define PACKAGE_STRING ""
| #define PACKAGE_BUGREPORT ""
| #define PACKAGE_URL ""
| #define STDC_HEADERS 1
| #define HAVE_SYS_TYPES_H 1
| #define HAVE_SYS_STAT_H 1
| #define HAVE_STDLIB_H 1
| #define HAVE_STRING_H 1
| #define HAVE_MEMORY_H 1
| #define HAVE_STRINGS_H 1
| #define HAVE_INTTYPES_H 1
| #define HAVE_STDINT_H 1
| #define HAVE_UNISTD_H 1
| #define __EXTENSIONS__ 1
| #define _ALL_SOURCE 1
| #define _GNU_SOURCE 1
| #define _POSIX_PTHREAD_SEMANTICS 1
| #define _TANDEM_SOURCE 1
| /* end confdefs.h.  */
| int foo;
configure:5399: result: no
configure:5409: checking whether gcc supports -Wenum-conversion
configure:5417: gcc -c -g -O2 -pipe -ffast-math -Wall -march=i686 -Wno-unused-parameter -Wno-clobbered -Wempty-body -Werror -Wenum-conversion  -DMAXCONN=16384 -I../common -DHAS_TLS conftest.c >&5
cc1: error: unrecognized command line option "-Wenum-conversion"
configure:5417: $? = 1
configure: failed program was:
| /* confdefs.h */
| #define PACKAGE_NAME ""
| #define PACKAGE_TARNAME ""
| #define PACKAGE_VERSION ""
| #define PACKAGE_STRING ""
| #define PACKAGE_BUGREPORT ""
| #define PACKAGE_URL ""
| #define STDC_HEADERS 1
| #define HAVE_SYS_TYPES_H 1
| #define HAVE_SYS_STAT_H 1
| #define HAVE_STDLIB_H 1
| #define HAVE_STRING_H 1
| #define HAVE_MEMORY_H 1
| #define HAVE_STRINGS_H 1
| #define HAVE_INTTYPES_H 1
| #define HAVE_STDINT_H 1
| #define HAVE_UNISTD_H 1
| #define __EXTENSIONS__ 1
| #define _ALL_SOURCE 1
| #define _GNU_SOURCE 1
| #define _POSIX_PTHREAD_SEMANTICS 1
| #define _TANDEM_SOURCE 1
| /* end confdefs.h.  */
| int foo;
configure:5448: result: no
configure:5458: checking whether gcc supports -Wshorten-64-to-32
configure:5466: gcc -c -g -O2 -pipe -ffast-math -Wall -march=i686 -Wno-unused-parameter -Wno-clobbered -Wempty-body -Werror -Wshorten-64-to-32  -DMAXCONN=16384 -I../common -DHAS_TLS conftest.c >&5
cc1: error: unrecognized command line option "-Wshorten-64-to-32"
configure:5466: $? = 1
configure: failed program was:
| /* confdefs.h */
| #define PACKAGE_NAME ""
| #define PACKAGE_TARNAME ""
| #define PACKAGE_VERSION ""
| #define PACKAGE_STRING ""
| #define PACKAGE_BUGREPORT ""
| #define PACKAGE_URL ""
| #define STDC_HEADERS 1
| #define HAVE_SYS_TYPES_H 1
| #define HAVE_SYS_STAT_H 1
| #define HAVE_STDLIB_H 1
| #define HAVE_STRING_H 1
| #define HAVE_MEMORY_H 1
| #define HAVE_STRINGS_H 1
| #define HAVE_INTTYPES_H 1
| #define HAVE_STDINT_H 1
| #define HAVE_UNISTD_H 1
| #define __EXTENSIONS__ 1
| #define _ALL_SOURCE 1
| #define _GNU_SOURCE 1
| #define _POSIX_PTHREAD_SEMANTICS 1
| #define _TANDEM_SOURCE 1
| /* end confdefs.h.  */
| int foo;
configure:5497: result: no
configure:5507: checking whether gcc supports -Wconstant-conversion
configure:5515: gcc -c -g -O2 -pipe -ffast-math -Wall -march=i686 -Wno-unused-parameter -Wno-clobbered -Wempty-body -Werror -Wconstant-conversion  -DMAXCONN=16384 -I../common -DHAS_TLS conftest.c >&5
cc1: error: unrecognized command line option "-Wconstant-conversion"
configure:5515: $? = 1
configure: failed program was:
| /* confdefs.h */
| #define PACKAGE_NAME ""
| #define PACKAGE_TARNAME ""
| #define PACKAGE_VERSION ""
| #define PACKAGE_STRING ""
| #define PACKAGE_BUGREPORT ""
| #define PACKAGE_URL ""
| #define STDC_HEADERS 1
| #define HAVE_SYS_TYPES_H 1
| #define HAVE_SYS_STAT_H 1
| #define HAVE_STDLIB_H 1
| #define HAVE_STRING_H 1
| #define HAVE_MEMORY_H 1
| #define HAVE_STRINGS_H 1
| #define HAVE_INTTYPES_H 1
| #define HAVE_STDINT_H 1
| #define HAVE_UNISTD_H 1
| #define __EXTENSIONS__ 1
| #define _ALL_SOURCE 1
| #define _GNU_SOURCE 1
| #define _POSIX_PTHREAD_SEMANTICS 1
| #define _TANDEM_SOURCE 1
| /* end confdefs.h.  */
| int foo;
configure:5546: result: no
configure:5556: checking whether gcc supports -Wbool-conversion
configure:5564: gcc -c -g -O2 -pipe -ffast-math -Wall -march=i686 -Wno-unused-parameter -Wno-clobbered -Wempty-body -Werror -Wbool-conversion  -DMAXCONN=16384 -I../common -DHAS_TLS conftest.c >&5
cc1: error: unrecognized command line option "-Wbool-conversion"
configure:5564: $? = 1
configure: failed program was:
| /* confdefs.h */
| #define PACKAGE_NAME ""
| #define PACKAGE_TARNAME ""
| #define PACKAGE_VERSION ""
| #define PACKAGE_STRING ""
| #define PACKAGE_BUGREPORT ""
| #define PACKAGE_URL ""
| #define STDC_HEADERS 1
| #define HAVE_SYS_TYPES_H 1
| #define HAVE_SYS_STAT_H 1
| #define HAVE_STDLIB_H 1
| #define HAVE_STRING_H 1
| #define HAVE_MEMORY_H 1
| #define HAVE_STRINGS_H 1
| #define HAVE_INTTYPES_H 1
| #define HAVE_STDINT_H 1
| #define HAVE_UNISTD_H 1
| #define __EXTENSIONS__ 1
| #define _ALL_SOURCE 1
| #define _GNU_SOURCE 1
| #define _POSIX_PTHREAD_SEMANTICS 1
| #define _TANDEM_SOURCE 1
| /* end confdefs.h.  */
| int foo;
configure:5595: result: no
configure:5605: checking whether gcc supports -Wno-switch
configure:5613: gcc -c -g -O2 -pipe -ffast-math -Wall -march=i686 -Wno-unused-parameter -Wno-clobbered -Wempty-body -Werror -Wno-switch  -DMAXCONN=16384 -I../common -DHAS_TLS conftest.c >&5
configure:5613: $? = 0
configure:5623: gcc -c -g -O2 -pipe -ffast-math -Wall -march=i686 -Wno-unused-parameter -Wno-clobbered -Wempty-body -Werror -Wswitch  -DMAXCONN=16384 -I../common -DHAS_TLS conftest.c >&5
configure:5623: $? = 0
configure:5625: result: yes
configure:5693: checking whether gcc supports -Wno-missing-field-initializers
configure:5701: gcc -c -g -O2 -pipe -ffast-math -Wall -march=i686 -Wno-unused-parameter -Wno-clobbered -Wempty-body -Wno-switch -Werror -Wno-missing-field-initializers  -DMAXCONN=16384 -I../common -DHAS_TLS conftest.c >&5
configure:5701: $? = 0
configure:5711: gcc -c -g -O2 -pipe -ffast-math -Wall -march=i686 -Wno-unused-parameter -Wno-clobbered -Wempty-body -Wno-switch -Werror -Wmissing-field-initializers  -DMAXCONN=16384 -I../common -DHAS_TLS conftest.c >&5
configure:5711: $? = 0
configure:5713: result: yes
configure:5786: checking whether gcc supports -Wshadow
configure:5794: gcc -c -g -O2 -pipe -ffast-math -Wall -march=i686 -Wno-unused-parameter -Wno-clobbered -Wempty-body -Wno-switch -Wno-missing-field-initializers -Werror -Wshadow  -DMAXCONN=16384 -I../common -DHAS_TLS conftest.c >&5
configure:5794: $? = 0
configure:5796: result: yes
configure:5835: checking whether gcc can efficiently use -Wshadow
configure:5851: gcc -c -g -O2 -pipe -ffast-math -Wall -march=i686 -Wno-unused-parameter -Wno-clobbered -Wempty-body -Wno-switch -Wno-missing-field-initializers -Wshadow -Werror -Wshadow  -DMAXCONN=16384 -I../common -DHAS_TLS conftest.c >&5
cc1: warnings being treated as errors
conftest.c: In function 'bar':
conftest.c:29: error: declaration of 'foo' shadows a global declaration
conftest.c:25: error: shadowed declaration is here
configure:5851: $? = 1
configure: failed program was:
| /* confdefs.h */
| #define PACKAGE_NAME ""
| #define PACKAGE_TARNAME ""
| #define PACKAGE_VERSION ""
| #define PACKAGE_STRING ""
| #define PACKAGE_BUGREPORT ""
| #define PACKAGE_URL ""
| #define STDC_HEADERS 1
| #define HAVE_SYS_TYPES_H 1
| #define HAVE_SYS_STAT_H 1
| #define HAVE_STDLIB_H 1
| #define HAVE_STRING_H 1
| #define HAVE_MEMORY_H 1
| #define HAVE_STRINGS_H 1
| #define HAVE_INTTYPES_H 1
| #define HAVE_STDINT_H 1
| #define HAVE_UNISTD_H 1
| #define __EXTENSIONS__ 1
| #define _ALL_SOURCE 1
| #define _GNU_SOURCE 1
| #define _POSIX_PTHREAD_SEMANTICS 1
| #define _TANDEM_SOURCE 1
| /* end confdefs.h.  */
| 
| 			int foo(void) {
| 				return 0;
| 			}
| 			int bar(void) {
| 				int foo = 0;
| 				return foo + 1;
| 			}
| 
configure:5859: result: no
configure:5868: checking whether gcc supports -fPIC
configure:5876: gcc -c -g -O2 -pipe -ffast-math -Wall -march=i686 -Wno-unused-parameter -Wno-clobbered -Wempty-body -Wno-switch -Wno-missing-field-initializers -fPIC  -DMAXCONN=16384 -I../common -DHAS_TLS conftest.c >&5
configure:5876: $? = 0
configure:5878: result: yes
configure:5896: checking how to make shared objects
configure:5917: gcc -o conftest -g -O2 -pipe -ffast-math -Wall -march=i686 -Wno-unused-parameter -Wno-clobbered -Wempty-body -Wno-switch -Wno-missing-field-initializers -fPIC -shared  -DMAXCONN=16384 -I../common -DHAS_TLS  -march=i686 conftest.c  >&5
configure:5917: $? = 0
configure:5939: gcc -o conftest -g -O2 -pipe -ffast-math -Wall -march=i686 -Wno-unused-parameter -Wno-clobbered -Wempty-body -Wno-switch -Wno-missing-field-initializers -fPIC -nostart  -DMAXCONN=16384 -I../common -DHAS_TLS  -march=i686 conftest.c  >&5
gcc: unrecognized option '-nostart'
/usr/lib/gcc/i486-linux-gnu/4.4.5/../../../../lib/crt1.o: In function `_start':
(.text+0x18): undefined reference to `main'
collect2: ld returned 1 exit status
configure:5939: $? = 1
configure: failed program was:
| /* confdefs.h */
| #define PACKAGE_NAME ""
| #define PACKAGE_TARNAME ""
| #define PACKAGE_VERSION ""
| #define PACKAGE_STRING ""
| #define PACKAGE_BUGREPORT ""
| #define PACKAGE_URL ""
| #define STDC_HEADERS 1
| #define HAVE_SYS_TYPES_H 1
| #define HAVE_SYS_STAT_H 1
| #define HAVE_STDLIB_H 1
| #define HAVE_STRING_H 1
| #define HAVE_MEMORY_H 1
| #define HAVE_STRINGS_H 1
| #define HAVE_INTTYPES_H 1
| #define HAVE_STDINT_H 1
| #define HAVE_UNISTD_H 1
| #define __EXTENSIONS__ 1
| #define _ALL_SOURCE 1
| #define _GNU_SOURCE 1
| #define _POSIX_PTHREAD_SEMANTICS 1
| #define _TANDEM_SOURCE 1
| /* end confdefs.h.  */
| 
| 		int bar = 0;
| 
| 		int foo(void)
| 		{
| 			return bar;
| 		}
| 
configure:5956: result: -shared yes
configure:5965: checking whether gcc needs -Wl,--no-undefined to check for undefined references in shared objects
configure:5977: gcc -o conftest  -shared  -DMAXCONN=16384 -I../common -DHAS_TLS  -march=i686 conftest.c  >&5
configure:5977: $? = 0
configure:5990: gcc -o conftest  -shared -Wl,--no-undefined  -DMAXCONN=16384 -I../common -DHAS_TLS  -march=i686 conftest.c  >&5
configure:5990: $? = 0
configure:5992: result: yes
configure:6021: checking whether gcc needs -fPIC for shared objects
configure:6037: gcc -o conftest -g -O2 -pipe -ffast-math -Wall -march=i686 -Wno-unused-parameter -Wno-clobbered -Wempty-body -Wno-switch -Wno-missing-field-initializers  -shared -Wl,--no-undefined  -DMAXCONN=16384 -I../common -DHAS_TLS  -march=i686 conftest.c  >&5
configure:6037: $? = 0
configure:6039: result: no
configure:6097: checking whether gcc supports -fno-strict-aliasing
configure:6105: gcc -c -g -O2 -pipe -ffast-math -Wall -march=i686 -Wno-unused-parameter -Wno-clobbered -Wempty-body -Wno-switch -Wno-missing-field-initializers -fno-strict-aliasing  -DMAXCONN=16384 -I../common -DHAS_TLS conftest.c >&5
configure:6105: $? = 0
configure:6106: result: yes
configure:6127: checking for setrlimit
configure:6127: gcc -o conftest -g -O2 -pipe -ffast-math -Wall -march=i686 -Wno-unused-parameter -Wno-clobbered -Wempty-body -Wno-switch -Wno-missing-field-initializers -fno-strict-aliasing  -DMAXCONN=16384 -I../common -DHAS_TLS  -march=i686 conftest.c  >&5
configure:6127: $? = 0
configure:6127: result: yes
configure:6137: checking for strnlen
configure:6137: gcc -o conftest -g -O2 -pipe -ffast-math -Wall -march=i686 -Wno-unused-parameter -Wno-clobbered -Wempty-body -Wno-switch -Wno-missing-field-initializers -fno-strict-aliasing  -DMAXCONN=16384 -I../common -DHAS_TLS -DHAVE_SETRLIMIT  -march=i686 conftest.c  >&5
configure:6137: $? = 0
configure:6137: result: yes
configure:6146: checking for uselocale
configure:6146: gcc -o conftest -g -O2 -pipe -ffast-math -Wall -march=i686 -Wno-unused-parameter -Wno-clobbered -Wempty-body -Wno-switch -Wno-missing-field-initializers -fno-strict-aliasing  -DMAXCONN=16384 -I../common -DHAS_TLS -DHAVE_SETRLIMIT -DHAVE_STRNLEN  -march=i686 conftest.c  >&5
configure:6146: $? = 0
configure:6146: result: yes
configure:6157: checking for newlocale
configure:6157: gcc -o conftest -g -O2 -pipe -ffast-math -Wall -march=i686 -Wno-unused-parameter -Wno-clobbered -Wempty-body -Wno-switch -Wno-missing-field-initializers -fno-strict-aliasing  -DMAXCONN=16384 -I../common -DHAS_TLS -DHAVE_SETRLIMIT -DHAVE_STRNLEN  -march=i686 conftest.c  >&5
configure:6157: $? = 0
configure:6157: result: yes
configure:6168: checking for freelocale
configure:6168: gcc -o conftest -g -O2 -pipe -ffast-math -Wall -march=i686 -Wno-unused-parameter -Wno-clobbered -Wempty-body -Wno-switch -Wno-missing-field-initializers -fno-strict-aliasing  -DMAXCONN=16384 -I../common -DHAS_TLS -DHAVE_SETRLIMIT -DHAVE_STRNLEN  -march=i686 conftest.c  >&5
configure:6168: $? = 0
configure:6168: result: yes
configure:6179: checking for xlocale.h
configure:6179: gcc -c -g -O2 -pipe -ffast-math -Wall -march=i686 -Wno-unused-parameter -Wno-clobbered -Wempty-body -Wno-switch -Wno-missing-field-initializers -fno-strict-aliasing  -DMAXCONN=16384 -I../common -DHAS_TLS -DHAVE_SETRLIMIT -DHAVE_STRNLEN conftest.c >&5
configure:6179: $? = 0
configure:6179: result: yes
configure:6356: checking for library containing inflateEnd
configure:6387: gcc -o conftest -g -O2 -pipe -ffast-math -Wall -march=i686 -Wno-unused-parameter -Wno-clobbered -Wempty-body -Wno-switch -Wno-missing-field-initializers -fno-strict-aliasing  -DMAXCONN=16384 -I../common -DHAS_TLS -DHAVE_SETRLIMIT -DHAVE_STRNLEN  -I/usr/include  -march=i686 -L/usr/lib conftest.c  >&5
/tmp/cccwPU7h.o: In function `main':
/home/trincli0515/trunk/conftest.c:39: undefined reference to `inflateEnd'
collect2: ld returned 1 exit status
configure:6387: $? = 1
configure: failed program was:
| /* confdefs.h */
| #define PACKAGE_NAME ""
| #define PACKAGE_TARNAME ""
| #define PACKAGE_VERSION ""
| #define PACKAGE_STRING ""
| #define PACKAGE_BUGREPORT ""
| #define PACKAGE_URL ""
| #define STDC_HEADERS 1
| #define HAVE_SYS_TYPES_H 1
| #define HAVE_SYS_STAT_H 1
| #define HAVE_STDLIB_H 1
| #define HAVE_STRING_H 1
| #define HAVE_MEMORY_H 1
| #define HAVE_STRINGS_H 1
| #define HAVE_INTTYPES_H 1
| #define HAVE_STDINT_H 1
| #define HAVE_UNISTD_H 1
| #define __EXTENSIONS__ 1
| #define _ALL_SOURCE 1
| #define _GNU_SOURCE 1
| #define _POSIX_PTHREAD_SEMANTICS 1
| #define _TANDEM_SOURCE 1
| #define HAVE_USELOCALE 1
| #define HAVE_NEWLOCALE 1
| #define HAVE_FREELOCALE 1
| #define HAVE_XLOCALE_H 1
| /* end confdefs.h.  */
| 
| /* Override any GCC internal prototype to avoid an error.
|    Use char because int might match the return type of a GCC
|    builtin and then its argument prototype would still apply.  */
| #ifdef __cplusplus
| extern "C"
| #endif
| char inflateEnd ();
| int
| main ()
| {
| return inflateEnd ();
|   ;
|   return 0;
| }
configure:6387: gcc -o conftest -g -O2 -pipe -ffast-math -Wall -march=i686 -Wno-unused-parameter -Wno-clobbered -Wempty-body -Wno-switch -Wno-missing-field-initializers -fno-strict-aliasing  -DMAXCONN=16384 -I../common -DHAS_TLS -DHAVE_SETRLIMIT -DHAVE_STRNLEN  -I/usr/include  -march=i686 -L/usr/lib conftest.c -lz   >&5
configure:6387: $? = 0
configure:6404: result: -lz
configure:6414: checking for zlib.h
configure:6414: gcc -c -g -O2 -pipe -ffast-math -Wall -march=i686 -Wno-unused-parameter -Wno-clobbered -Wempty-body -Wno-switch -Wno-missing-field-initializers -fno-strict-aliasing  -DMAXCONN=16384 -I../common -DHAS_TLS -DHAVE_SETRLIMIT -DHAVE_STRNLEN  -I/usr/include conftest.c >&5
configure:6414: $? = 0
configure:6414: result: yes
configure:6431: checking for library containing sqrt
configure:6462: gcc -o conftest -g -O2 -pipe -ffast-math -Wall -march=i686 -Wno-unused-parameter -Wno-clobbered -Wempty-body -Wno-switch -Wno-missing-field-initializers -fno-strict-aliasing  -DMAXCONN=16384 -I../common -DHAS_TLS -DHAVE_SETRLIMIT -DHAVE_STRNLEN  -I/usr/include  -march=i686 -L/usr/lib conftest.c -lz  >&5
conftest.c:35: warning: conflicting types for built-in function 'sqrt'
/tmp/ccgnP5pa.o: In function `main':
/home/trincli0515/trunk/conftest.c:39: undefined reference to `sqrt'
collect2: ld returned 1 exit status
configure:6462: $? = 1
configure: failed program was:
| /* confdefs.h */
| #define PACKAGE_NAME ""
| #define PACKAGE_TARNAME ""
| #define PACKAGE_VERSION ""
| #define PACKAGE_STRING ""
| #define PACKAGE_BUGREPORT ""
| #define PACKAGE_URL ""
| #define STDC_HEADERS 1
| #define HAVE_SYS_TYPES_H 1
| #define HAVE_SYS_STAT_H 1
| #define HAVE_STDLIB_H 1
| #define HAVE_STRING_H 1
| #define HAVE_MEMORY_H 1
| #define HAVE_STRINGS_H 1
| #define HAVE_INTTYPES_H 1
| #define HAVE_STDINT_H 1
| #define HAVE_UNISTD_H 1
| #define __EXTENSIONS__ 1
| #define _ALL_SOURCE 1
| #define _GNU_SOURCE 1
| #define _POSIX_PTHREAD_SEMANTICS 1
| #define _TANDEM_SOURCE 1
| #define HAVE_USELOCALE 1
| #define HAVE_NEWLOCALE 1
| #define HAVE_FREELOCALE 1
| #define HAVE_XLOCALE_H 1
| /* end confdefs.h.  */
| 
| /* Override any GCC internal prototype to avoid an error.
|    Use char because int might match the return type of a GCC
|    builtin and then its argument prototype would still apply.  */
| #ifdef __cplusplus
| extern "C"
| #endif
| char sqrt ();
| int
| main ()
| {
| return sqrt ();
|   ;
|   return 0;
| }
configure:6462: gcc -o conftest -g -O2 -pipe -ffast-math -Wall -march=i686 -Wno-unused-parameter -Wno-clobbered -Wempty-body -Wno-switch -Wno-missing-field-initializers -fno-strict-aliasing  -DMAXCONN=16384 -I../common -DHAS_TLS -DHAVE_SETRLIMIT -DHAVE_STRNLEN  -I/usr/include  -march=i686 -L/usr/lib conftest.c -lm  -lz  >&5
conftest.c:35: warning: conflicting types for built-in function 'sqrt'
configure:6462: $? = 0
configure:6479: result: -lm
configure:6494: checking for library containing clock_gettime
configure:6525: gcc -o conftest -g -O2 -pipe -ffast-math -Wall -march=i686 -Wno-unused-parameter -Wno-clobbered -Wempty-body -Wno-switch -Wno-missing-field-initializers -fno-strict-aliasing  -DMAXCONN=16384 -I../common -DHAS_TLS -DHAVE_SETRLIMIT -DHAVE_STRNLEN  -I/usr/include  -march=i686 -L/usr/lib conftest.c -lm -lz  >&5
/tmp/cc1Uzovg.o: In function `main':
/home/trincli0515/trunk/conftest.c:39: undefined reference to `clock_gettime'
collect2: ld returned 1 exit status
configure:6525: $? = 1
configure: failed program was:
| /* confdefs.h */
| #define PACKAGE_NAME ""
| #define PACKAGE_TARNAME ""
| #define PACKAGE_VERSION ""
| #define PACKAGE_STRING ""
| #define PACKAGE_BUGREPORT ""
| #define PACKAGE_URL ""
| #define STDC_HEADERS 1
| #define HAVE_SYS_TYPES_H 1
| #define HAVE_SYS_STAT_H 1
| #define HAVE_STDLIB_H 1
| #define HAVE_STRING_H 1
| #define HAVE_MEMORY_H 1
| #define HAVE_STRINGS_H 1
| #define HAVE_INTTYPES_H 1
| #define HAVE_STDINT_H 1
| #define HAVE_UNISTD_H 1
| #define __EXTENSIONS__ 1
| #define _ALL_SOURCE 1
| #define _GNU_SOURCE 1
| #define _POSIX_PTHREAD_SEMANTICS 1
| #define _TANDEM_SOURCE 1
| #define HAVE_USELOCALE 1
| #define HAVE_NEWLOCALE 1
| #define HAVE_FREELOCALE 1
| #define HAVE_XLOCALE_H 1
| /* end confdefs.h.  */
| 
| /* Override any GCC internal prototype to avoid an error.
|    Use char because int might match the return type of a GCC
|    builtin and then its argument prototype would still apply.  */
| #ifdef __cplusplus
| extern "C"
| #endif
| char clock_gettime ();
| int
| main ()
| {
| return clock_gettime ();
|   ;
|   return 0;
| }
configure:6525: gcc -o conftest -g -O2 -pipe -ffast-math -Wall -march=i686 -Wno-unused-parameter -Wno-clobbered -Wempty-body -Wno-switch -Wno-missing-field-initializers -fno-strict-aliasing  -DMAXCONN=16384 -I../common -DHAS_TLS -DHAVE_SETRLIMIT -DHAVE_STRNLEN  -I/usr/include  -march=i686 -L/usr/lib conftest.c -lrt  -lm -lz  >&5
configure:6525: $? = 0
configure:6542: result: -lrt
configure:6561: checking whether CLOCK_MONOTONIC is supported and works
configure:6584: gcc -o conftest -g -O2 -pipe -ffast-math -Wall -march=i686 -Wno-unused-parameter -Wno-clobbered -Wempty-body -Wno-switch -Wno-missing-field-initializers -fno-strict-aliasing  -DMAXCONN=16384 -I../common -DHAS_TLS -DHAVE_SETRLIMIT -DHAVE_STRNLEN  -I/usr/include  -march=i686 -L/usr/lib conftest.c -lrt -lm -lz  >&5
configure:6584: $? = 0
configure:6584: ./conftest
configure:6584: $? = 0
configure:6586: result: yes
configure:6608: checking for library containing pthread_create
configure:6639: gcc -o conftest -g -O2 -pipe -ffast-math -Wall -march=i686 -Wno-unused-parameter -Wno-clobbered -Wempty-body -Wno-switch -Wno-missing-field-initializers -fno-strict-aliasing  -DMAXCONN=16384 -I../common -DHAS_TLS -DHAVE_SETRLIMIT -DHAVE_STRNLEN  -I/usr/include -DHAVE_MONOTONIC_CLOCK  -march=i686 -L/usr/lib conftest.c -lrt -lm -lz  >&5
configure:6639: $? = 0
configure:6656: result: none required
configure:6666: checking for library containing pthread_sigmask
configure:6697: gcc -o conftest -g -O2 -pipe -ffast-math -Wall -march=i686 -Wno-unused-parameter -Wno-clobbered -Wempty-body -Wno-switch -Wno-missing-field-initializers -fno-strict-aliasing  -DMAXCONN=16384 -I../common -DHAS_TLS -DHAVE_SETRLIMIT -DHAVE_STRNLEN  -I/usr/include -DHAVE_MONOTONIC_CLOCK  -march=i686 -L/usr/lib conftest.c -lrt -lm -lz  >&5
configure:6697: $? = 0
configure:6714: result: none required
configure:6724: checking for library containing pthread_attr_init
configure:6755: gcc -o conftest -g -O2 -pipe -ffast-math -Wall -march=i686 -Wno-unused-parameter -Wno-clobbered -Wempty-body -Wno-switch -Wno-missing-field-initializers -fno-strict-aliasing  -DMAXCONN=16384 -I../common -DHAS_TLS -DHAVE_SETRLIMIT -DHAVE_STRNLEN  -I/usr/include -DHAVE_MONOTONIC_CLOCK  -march=i686 -L/usr/lib conftest.c -lrt -lm -lz  >&5
configure:6755: $? = 0
configure:6772: result: none required
configure:6782: checking for library containing pthread_attr_setstacksize
configure:6813: gcc -o conftest -g -O2 -pipe -ffast-math -Wall -march=i686 -Wno-unused-parameter -Wno-clobbered -Wempty-body -Wno-switch -Wno-missing-field-initializers -fno-strict-aliasing  -DMAXCONN=16384 -I../common -DHAS_TLS -DHAVE_SETRLIMIT -DHAVE_STRNLEN  -I/usr/include -DHAVE_MONOTONIC_CLOCK  -march=i686 -L/usr/lib conftest.c -lrt -lm -lz  >&5
configure:6813: $? = 0
configure:6830: result: none required
configure:6840: checking for library containing pthread_attr_destroy
configure:6871: gcc -o conftest -g -O2 -pipe -ffast-math -Wall -march=i686 -Wno-unused-parameter -Wno-clobbered -Wempty-body -Wno-switch -Wno-missing-field-initializers -fno-strict-aliasing  -DMAXCONN=16384 -I../common -DHAS_TLS -DHAVE_SETRLIMIT -DHAVE_STRNLEN  -I/usr/include -DHAVE_MONOTONIC_CLOCK  -march=i686 -L/usr/lib conftest.c -lrt -lm -lz  >&5
configure:6871: $? = 0
configure:6888: result: none required
configure:6898: checking for library containing pthread_cancel
configure:6929: gcc -o conftest -g -O2 -pipe -ffast-math -Wall -march=i686 -Wno-unused-parameter -Wno-clobbered -Wempty-body -Wno-switch -Wno-missing-field-initializers -fno-strict-aliasing  -DMAXCONN=16384 -I../common -DHAS_TLS -DHAVE_SETRLIMIT -DHAVE_STRNLEN  -I/usr/include -DHAVE_MONOTONIC_CLOCK  -march=i686 -L/usr/lib conftest.c -lrt -lm -lz  >&5
configure:6929: $? = 0
configure:6946: result: none required
configure:6956: checking for library containing pthread_join
configure:6987: gcc -o conftest -g -O2 -pipe -ffast-math -Wall -march=i686 -Wno-unused-parameter -Wno-clobbered -Wempty-body -Wno-switch -Wno-missing-field-initializers -fno-strict-aliasing  -DMAXCONN=16384 -I../common -DHAS_TLS -DHAVE_SETRLIMIT -DHAVE_STRNLEN  -I/usr/include -DHAVE_MONOTONIC_CLOCK  -march=i686 -L/usr/lib conftest.c -lrt -lm -lz  >&5
configure:6987: $? = 0
configure:7004: result: none required
configure:7023: checking for mysql_config
configure:7041: found /usr/bin/mysql_config
configure:7054: result: /usr/bin/mysql_config
configure:7078: checking for mysql_init in -lmysqlclient
configure:7103: gcc -o conftest -g -O2 -pipe -ffast-math -Wall -march=i686 -Wno-unused-parameter -Wno-clobbered -Wempty-body -Wno-switch -Wno-missing-field-initializers -fno-strict-aliasing  -DMAXCONN=16384 -I../common -DHAS_TLS -DHAVE_SETRLIMIT -DHAVE_STRNLEN  -I/usr/include -DHAVE_MONOTONIC_CLOCK -I/usr/include/mysql  -march=i686 -L/usr/lib -rdynamic -L/usr/lib/mysql -lmysqlclient conftest.c -lmysqlclient  -lrt -lm -lz  >&5
configure:7103: $? = 0
configure:7112: result: yes
configure:7118: checking mysql.h usability
configure:7118: gcc -c -g -O2 -pipe -ffast-math -Wall -march=i686 -Wno-unused-parameter -Wno-clobbered -Wempty-body -Wno-switch -Wno-missing-field-initializers -fno-strict-aliasing  -DMAXCONN=16384 -I../common -DHAS_TLS -DHAVE_SETRLIMIT -DHAVE_STRNLEN  -I/usr/include -DHAVE_MONOTONIC_CLOCK -I/usr/include/mysql conftest.c >&5
configure:7118: $? = 0
configure:7118: result: yes
configure:7118: checking mysql.h presence
configure:7118: gcc -E  -DMAXCONN=16384 -I../common -DHAS_TLS -DHAVE_SETRLIMIT -DHAVE_STRNLEN  -I/usr/include -DHAVE_MONOTONIC_CLOCK -I/usr/include/mysql conftest.c
configure:7118: $? = 0
configure:7118: result: yes
configure:7118: checking for mysql.h
configure:7118: result: yes
configure:7129: checking MySQL library (required)
configure:7132: result: yes (5.1.73)
configure:7161: checking for library containing pcre_study
configure:7192: gcc -o conftest -g -O2 -pipe -ffast-math -Wall -march=i686 -Wno-unused-parameter -Wno-clobbered -Wempty-body -Wno-switch -Wno-missing-field-initializers -fno-strict-aliasing  -DMAXCONN=16384 -I../common -DHAS_TLS -DHAVE_SETRLIMIT -DHAVE_STRNLEN  -I/usr/include -DHAVE_MONOTONIC_CLOCK  -march=i686 -L/usr/lib conftest.c -lrt -lm -lz  >&5
/tmp/ccg3vlTR.o: In function `main':
/home/trincli0515/trunk/conftest.c:39: undefined reference to `pcre_study'
collect2: ld returned 1 exit status
configure:7192: $? = 1
configure: failed program was:
| /* confdefs.h */
| #define PACKAGE_NAME ""
| #define PACKAGE_TARNAME ""
| #define PACKAGE_VERSION ""
| #define PACKAGE_STRING ""
| #define PACKAGE_BUGREPORT ""
| #define PACKAGE_URL ""
| #define STDC_HEADERS 1
| #define HAVE_SYS_TYPES_H 1
| #define HAVE_SYS_STAT_H 1
| #define HAVE_STDLIB_H 1
| #define HAVE_STRING_H 1
| #define HAVE_MEMORY_H 1
| #define HAVE_STRINGS_H 1
| #define HAVE_INTTYPES_H 1
| #define HAVE_STDINT_H 1
| #define HAVE_UNISTD_H 1
| #define __EXTENSIONS__ 1
| #define _ALL_SOURCE 1
| #define _GNU_SOURCE 1
| #define _POSIX_PTHREAD_SEMANTICS 1
| #define _TANDEM_SOURCE 1
| #define HAVE_USELOCALE 1
| #define HAVE_NEWLOCALE 1
| #define HAVE_FREELOCALE 1
| #define HAVE_XLOCALE_H 1
| /* end confdefs.h.  */
| 
| /* Override any GCC internal prototype to avoid an error.
|    Use char because int might match the return type of a GCC
|    builtin and then its argument prototype would still apply.  */
| #ifdef __cplusplus
| extern "C"
| #endif
| char pcre_study ();
| int
| main ()
| {
| return pcre_study ();
|   ;
|   return 0;
| }
configure:7192: gcc -o conftest -g -O2 -pipe -ffast-math -Wall -march=i686 -Wno-unused-parameter -Wno-clobbered -Wempty-body -Wno-switch -Wno-missing-field-initializers -fno-strict-aliasing  -DMAXCONN=16384 -I../common -DHAS_TLS -DHAVE_SETRLIMIT -DHAVE_STRNLEN  -I/usr/include -DHAVE_MONOTONIC_CLOCK  -march=i686 -L/usr/lib conftest.c -lpcre  -lrt -lm -lz  >&5
configure:7192: $? = 0
configure:7209: result: -lpcre
configure:7270: checking PCRE library (optional)
configure:7274: result: yes (8.02)
configure:7297: checking host OS
configure:7300: result: Linux
configure:7325: checking for MinGW
configure:7336: result: no
configure:7340: Configure finish, CPPFLAGS=  -DMAXCONN=16384 -I../common -DHAS_TLS -DHAVE_SETRLIMIT -DHAVE_STRNLEN  -I/usr/include -DHAVE_MONOTONIC_CLOCK
configure:7342: LDFLAGS= -march=i686 -L/usr/lib
configure:7346: output name =  login-server, char-server, map-server
configure:7501: creating ./config.status

## ---------------------- ##
## Running config.status. ##
## ---------------------- ##

This file was extended by config.status, which was
generated by GNU Autoconf 2.69.  Invocation command line was

  CONFIG_FILES    = 
  CONFIG_HEADERS  = 
  CONFIG_LINKS    = 
  CONFIG_COMMANDS = 
  $ ./config.status 

on chaosro

config.status:750: creating Makefile
config.status:750: creating src/common/Makefile
config.status:750: creating 3rdparty/mt19937ar/Makefile
config.status:750: creating 3rdparty/libconfig/Makefile
config.status:750: creating src/char/Makefile
config.status:750: creating src/login/Makefile
config.status:750: creating src/map/Makefile
config.status:750: creating src/tool/Makefile
config.status:750: creating src/test/Makefile

## ---------------- ##
## Cache variables. ##
## ---------------- ##

ac_cv_c_bigendian=no
ac_cv_c_compiler_gnu=yes
ac_cv_env_CC_set=
ac_cv_env_CC_value=
ac_cv_env_CFLAGS_set=
ac_cv_env_CFLAGS_value=
ac_cv_env_CPPFLAGS_set=
ac_cv_env_CPPFLAGS_value=
ac_cv_env_CPP_set=
ac_cv_env_CPP_value=
ac_cv_env_LDFLAGS_set=
ac_cv_env_LDFLAGS_value=
ac_cv_env_LIBS_set=
ac_cv_env_LIBS_value=
ac_cv_env_build_alias_set=
ac_cv_env_build_alias_value=
ac_cv_env_host_alias_set=
ac_cv_env_host_alias_value=
ac_cv_env_target_alias_set=
ac_cv_env_target_alias_value=
ac_cv_func_freelocale=yes
ac_cv_func_newlocale=yes
ac_cv_func_setrlimit=yes
ac_cv_func_strnlen=yes
ac_cv_func_uselocale=yes
ac_cv_header_inttypes_h=yes
ac_cv_header_memory_h=yes
ac_cv_header_minix_config_h=no
ac_cv_header_mysql_h=yes
ac_cv_header_stdc=yes
ac_cv_header_stdint_h=yes
ac_cv_header_stdlib_h=yes
ac_cv_header_string_h=yes
ac_cv_header_strings_h=yes
ac_cv_header_sys_stat_h=yes
ac_cv_header_sys_types_h=yes
ac_cv_header_unistd_h=yes
ac_cv_header_xlocale_h=yes
ac_cv_header_zlib_h=yes
ac_cv_lib_mysqlclient_mysql_init=yes
ac_cv_objext=o
ac_cv_path_AR=/usr/bin/ar
ac_cv_path_EGREP='/bin/grep -E'
ac_cv_path_GREP=/bin/grep
ac_cv_path_MYSQL_CONFIG_HOME=/usr/bin/mysql_config
ac_cv_prog_CPP='gcc -E'
ac_cv_prog_ac_ct_CC=gcc
ac_cv_prog_cc_c89=
ac_cv_prog_cc_g=yes
ac_cv_prog_make_make_set=yes
ac_cv_safe_to_define___extensions__=yes
ac_cv_search_clock_gettime=-lrt
ac_cv_search_inflateEnd=-lz
ac_cv_search_pcre_study=-lpcre
ac_cv_search_pthread_attr_destroy='none required'
ac_cv_search_pthread_attr_init='none required'
ac_cv_search_pthread_attr_setstacksize='none required'
ac_cv_search_pthread_cancel='none required'
ac_cv_search_pthread_create='none required'
ac_cv_search_pthread_join='none required'
ac_cv_search_pthread_sigmask='none required'
ac_cv_search_sqrt=-lm

## ----------------- ##
## Output variables. ##
## ----------------- ##

AR='/usr/bin/ar'
CC='gcc'
CFLAGS='-g -O2 -pipe -ffast-math -Wall -march=i686 -Wno-unused-parameter -Wno-clobbered -Wempty-body -Wno-switch -Wno-missing-field-initializers -fno-strict-aliasing'
CPP='gcc -E'
CPPFLAGS=' -DMAXCONN=16384 -I../common -DHAS_TLS -DHAVE_SETRLIMIT -DHAVE_STRNLEN  -I/usr/include -DHAVE_MONOTONIC_CLOCK'
DEFS='-DPACKAGE_NAME=\"\" -DPACKAGE_TARNAME=\"\" -DPACKAGE_VERSION=\"\" -DPACKAGE_STRING=\"\" -DPACKAGE_BUGREPORT=\"\" -DPACKAGE_URL=\"\" -DSTDC_HEADERS=1 -DHAVE_SYS_TYPES_H=1 -DHAVE_SYS_STAT_H=1 -DHAVE_STDLIB_H=1 -DHAVE_STRING_H=1 -DHAVE_MEMORY_H=1 -DHAVE_STRINGS_H=1 -DHAVE_INTTYPES_H=1 -DHAVE_STDINT_H=1 -DHAVE_UNISTD_H=1 -D__EXTENSIONS__=1 -D_ALL_SOURCE=1 -D_GNU_SOURCE=1 -D_POSIX_PTHREAD_SEMANTICS=1 -D_TANDEM_SOURCE=1 -DHAVE_USELOCALE=1 -DHAVE_NEWLOCALE=1 -DHAVE_FREELOCALE=1 -DHAVE_XLOCALE_H=1'
DLLEXT='.so'
ECHO_C=''
ECHO_N='-n'
ECHO_T=''
EGREP='/bin/grep -E'
EXEEXT=''
GREP='/bin/grep'
HAVE_MYSQL='yes'
HAVE_PCRE='yes'
LDFLAGS=' -march=i686 -L/usr/lib'
LIBOBJS=''
LIBS='-lpcre -lrt -lm -lz  -ldl'
LTLIBOBJS=''
MYSQL_CFLAGS='-I/usr/include/mysql'
MYSQL_CONFIG_HOME='/usr/bin/mysql_config'
MYSQL_LIBS='-rdynamic -L/usr/lib/mysql -lmysqlclient'
MYSQL_VERSION='5.1.73'
OBJEXT='o'
OCHR='char-server'
OLOG='login-server'
OMAP='map-server'
PACKAGE_BUGREPORT=''
PACKAGE_NAME=''
PACKAGE_STRING=''
PACKAGE_TARNAME=''
PACKAGE_URL=''
PACKAGE_VERSION=''
PATH_SEPARATOR=':'
PCRE_CFLAGS=''
PCRE_LIBS='-lpcre'
PCRE_VERSION='8.02'
SET_MAKE=''
SHELL='/bin/sh'
SOFLAGS=' -shared -Wl,--no-undefined'
WITH_PLUGINS='yes'
ac_ct_CC='gcc'
bindir='${exec_prefix}/bin'
build_alias=''
datadir='${datarootdir}'
datarootdir='${prefix}/share'
docdir='${datarootdir}/doc/${PACKAGE}'
dvidir='${docdir}'
exec_prefix='${prefix}'
host_alias=''
htmldir='${docdir}'
includedir='${prefix}/include'
infodir='${datarootdir}/info'
libdir='${exec_prefix}/lib'
libexecdir='${exec_prefix}/libexec'
localedir='${datarootdir}/locale'
localstatedir='${prefix}/var'
mandir='${datarootdir}/man'
oldincludedir='/usr/include'
pdfdir='${docdir}'
prefix='/usr/local'
program_transform_name='s,x,x,'
psdir='${docdir}'
sbindir='${exec_prefix}/sbin'
sharedstatedir='${prefix}/com'
sysconfdir='${prefix}/etc'
target_alias=''

## ----------- ##
## confdefs.h. ##
## ----------- ##

/* confdefs.h */
#define PACKAGE_NAME ""
#define PACKAGE_TARNAME ""
#define PACKAGE_VERSION ""
#define PACKAGE_STRING ""
#define PACKAGE_BUGREPORT ""
#define PACKAGE_URL ""
#define STDC_HEADERS 1
#define HAVE_SYS_TYPES_H 1
#define HAVE_SYS_STAT_H 1
#define HAVE_STDLIB_H 1
#define HAVE_STRING_H 1
#define HAVE_MEMORY_H 1
#define HAVE_STRINGS_H 1
#define HAVE_INTTYPES_H 1
#define HAVE_STDINT_H 1
#define HAVE_UNISTD_H 1
#define __EXTENSIONS__ 1
#define _ALL_SOURCE 1
#define _GNU_SOURCE 1
#define _POSIX_PTHREAD_SEMANTICS 1
#define _TANDEM_SOURCE 1
#define HAVE_USELOCALE 1
#define HAVE_NEWLOCALE 1
#define HAVE_FREELOCALE 1
#define HAVE_XLOCALE_H 1

configure: exit 0
